{"meta": {"format": 3, "version": "7.13.0", "timestamp": "2025-12-27T07:37:42.864620", "branch_coverage": false, "show_contexts": false}, "files": {"src/__init__.py": {"executed_lines": [0], "summary": {"covered_lines": 0, "num_statements": 0, "percent_covered": 100.0, "percent_covered_display": "100", "missing_lines": 0, "excluded_lines": 0, "percent_statements_covered": 100.0, "percent_statements_covered_display": "100"}, "missing_lines": [], "excluded_lines": [], "functions": {"": {"executed_lines": [], "summary": {"covered_lines": 0, "num_statements": 0, "percent_covered": 100.0, "percent_covered_display": "100", "missing_lines": 0, "excluded_lines": 0, "percent_statements_covered": 100.0, "percent_statements_covered_display": "100"}, "missing_lines": [], "excluded_lines": []}}, "classes": {"": {"executed_lines": [], "summary": {"covered_lines": 0, "num_statements": 0, "percent_covered": 100.0, "percent_covered_display": "100", "missing_lines": 0, "excluded_lines": 0, "percent_statements_covered": 100.0, "percent_statements_covered_display": "100"}, "missing_lines": [], "excluded_lines": []}}}, "src/bot/__init__.py": {"executed_lines": [1, 3, 4, 11, 12, 14, 16, 18, 21, 53, 146], "summary": {"covered_lines": 11, "num_statements": 71, "percent_covered": 15.492957746478874, "percent_covered_display": "15", "missing_lines": 60, "excluded_lines": 0, "percent_statements_covered": 15.492957746478874, "percent_statements_covered_display": "15"}, "missing_lines": [24, 25, 27, 29, 49, 50, 55, 63, 64, 65, 66, 67, 68, 69, 70, 71, 73, 74, 76, 77, 78, 79, 80, 82, 83, 85, 86, 87, 88, 89, 90, 92, 93, 94, 96, 97, 99, 100, 101, 102, 104, 107, 110, 111, 114, 117, 118, 119, 123, 125, 127, 136, 137, 138, 139, 140, 141, 142, 143, 148], "excluded_lines": [], "functions": {"post_init": {"executed_lines": [], "summary": {"covered_lines": 0, "num_statements": 6, "percent_covered": 0.0, "percent_covered_display": "0", "missing_lines": 6, "excluded_lines": 0, "percent_statements_covered": 0.0, "percent_statements_covered_display": "0"}, "missing_lines": [24, 25, 27, 29, 49, 50], "excluded_lines": []}, "run_telegram_bot": {"executed_lines": [], "summary": {"covered_lines": 0, "num_statements": 53, "percent_covered": 0.0, "percent_covered_display": "0", "missing_lines": 53, "excluded_lines": 0, "percent_statements_covered": 0.0, "percent_statements_covered_display": "0"}, "missing_lines": [55, 63, 64, 65, 66, 67, 68, 69, 70, 71, 73, 74, 76, 77, 78, 79, 80, 82, 83, 85, 86, 87, 88, 89, 90, 92, 93, 94, 96, 97, 99, 100, 101, 102, 104, 107, 110, 111, 114, 117, 118, 119, 123, 125, 127, 136, 137, 138, 139, 140, 141, 142, 143], "excluded_lines": []}, "get_bot_instance": {"executed_lines": [], "summary": {"covered_lines": 0, "num_statements": 1, "percent_covered": 0.0, "percent_covered_display": "0", "missing_lines": 1, "excluded_lines": 0, "percent_statements_covered": 0.0, "percent_statements_covered_display": "0"}, "missing_lines": [148], "excluded_lines": []}, "": {"executed_lines": [1, 3, 4, 11, 12, 14, 16, 18, 21, 53, 146], "summary": {"covered_lines": 11, "num_statements": 11, "percent_covered": 100.0, "percent_covered_display": "100", "missing_lines": 0, "excluded_lines": 0, "percent_statements_covered": 100.0, "percent_statements_covered_display": "100"}, "missing_lines": [], "excluded_lines": []}}, "classes": {"": {"executed_lines": [1, 3, 4, 11, 12, 14, 16, 18, 21, 53, 146], "summary": {"covered_lines": 11, "num_statements": 71, "percent_covered": 15.492957746478874, "percent_covered_display": "15", "missing_lines": 60, "excluded_lines": 0, "percent_statements_covered": 15.492957746478874, "percent_statements_covered_display": "15"}, "missing_lines": [24, 25, 27, 29, 49, 50, 55, 63, 64, 65, 66, 67, 68, 69, 70, 71, 73, 74, 76, 77, 78, 79, 80, 82, 83, 85, 86, 87, 88, 89, 90, 92, 93, 94, 96, 97, 99, 100, 101, 102, 104, 107, 110, 111, 114, 117, 118, 119, 123, 125, 127, 136, 137, 138, 139, 140, 141, 142, 143, 148], "excluded_lines": []}}}, "src/bot/handlers/__init__.py": {"executed_lines": [1], "summary": {"covered_lines": 1, "num_statements": 1, "percent_covered": 100.0, "percent_covered_display": "100", "missing_lines": 0, "excluded_lines": 0, "percent_statements_covered": 100.0, "percent_statements_covered_display": "100"}, "missing_lines": [], "excluded_lines": [], "functions": {"": {"executed_lines": [1], "summary": {"covered_lines": 1, "num_statements": 1, "percent_covered": 100.0, "percent_covered_display": "100", "missing_lines": 0, "excluded_lines": 0, "percent_statements_covered": 100.0, "percent_statements_covered_display": "100"}, "missing_lines": [], "excluded_lines": []}}, "classes": {"": {"executed_lines": [1], "summary": {"covered_lines": 1, "num_statements": 1, "percent_covered": 100.0, "percent_covered_display": "100", "missing_lines": 0, "excluded_lines": 0, "percent_statements_covered": 100.0, "percent_statements_covered_display": "100"}, "missing_lines": [], "excluded_lines": []}}}, "src/bot/handlers/aao.py": {"executed_lines": [1, 3, 4, 5, 6, 8, 10, 12, 14, 16, 18, 21, 22, 23, 25, 26, 30, 31, 35, 37, 38, 39, 40, 42, 43, 44, 45, 47, 49, 50, 52, 54, 55, 56, 69, 70, 72, 74], "summary": {"covered_lines": 38, "num_statements": 44, "percent_covered": 86.36363636363636, "percent_covered_display": "86", "missing_lines": 6, "excluded_lines": 0, "percent_statements_covered": 86.36363636363636, "percent_statements_covered_display": "86"}, "missing_lines": [27, 28, 58, 59, 61, 62], "excluded_lines": [], "functions": {"handle": {"executed_lines": [22, 23, 25, 26, 30, 31, 35, 37, 38, 39, 40, 42, 43, 44, 45, 47, 49, 50, 52, 54, 55, 56], "summary": {"covered_lines": 22, "num_statements": 28, "percent_covered": 78.57142857142857, "percent_covered_display": "79", "missing_lines": 6, "excluded_lines": 0, "percent_statements_covered": 78.57142857142857, "percent_statements_covered_display": "79"}, "missing_lines": [27, 28, 58, 59, 61, 62], "excluded_lines": []}, "get_support_word": {"executed_lines": [70, 72, 74], "summary": {"covered_lines": 3, "num_statements": 3, "percent_covered": 100.0, "percent_covered_display": "100", "missing_lines": 0, "excluded_lines": 0, "percent_statements_covered": 100.0, "percent_statements_covered_display": "100"}, "missing_lines": [], "excluded_lines": []}, "": {"executed_lines": [1, 3, 4, 5, 6, 8, 10, 12, 14, 16, 18, 21, 69], "summary": {"covered_lines": 13, "num_statements": 13, "percent_covered": 100.0, "percent_covered_display": "100", "missing_lines": 0, "excluded_lines": 0, "percent_statements_covered": 100.0, "percent_statements_covered_display": "100"}, "missing_lines": [], "excluded_lines": []}}, "classes": {"": {"executed_lines": [1, 3, 4, 5, 6, 8, 10, 12, 14, 16, 18, 21, 22, 23, 25, 26, 30, 31, 35, 37, 38, 39, 40, 42, 43, 44, 45, 47, 49, 50, 52, 54, 55, 56, 69, 70, 72, 74], "summary": {"covered_lines": 38, "num_statements": 44, "percent_covered": 86.36363636363636, "percent_covered_display": "86", "missing_lines": 6, "excluded_lines": 0, "percent_statements_covered": 86.36363636363636, "percent_statements_covered_display": "86"}, "missing_lines": [27, 28, 58, 59, 61, 62], "excluded_lines": []}}}, "src/bot/handlers/about.py": {"executed_lines": [1, 2, 3, 4, 6, 7, 10, 11, 12, 14, 15, 17, 19, 24, 28, 29, 30, 36, 38, 39, 42, 43, 44, 45, 48, 50, 53, 54, 56, 57, 59, 61, 62, 64], "summary": {"covered_lines": 34, "num_statements": 36, "percent_covered": 94.44444444444444, "percent_covered_display": "94", "missing_lines": 2, "excluded_lines": 0, "percent_statements_covered": 94.44444444444444, "percent_statements_covered_display": "94"}, "missing_lines": [20, 34], "excluded_lines": [], "functions": {"handle": {"executed_lines": [11, 12, 14, 15, 17, 19, 24, 28, 29, 30, 36, 38, 39], "summary": {"covered_lines": 13, "num_statements": 15, "percent_covered": 86.66666666666667, "percent_covered_display": "87", "missing_lines": 2, "excluded_lines": 0, "percent_statements_covered": 86.66666666666667, "percent_statements_covered_display": "87"}, "missing_lines": [20, 34], "excluded_lines": []}, "generate_about_response": {"executed_lines": [43, 44, 45, 48, 50], "summary": {"covered_lines": 5, "num_statements": 5, "percent_covered": 100.0, "percent_covered_display": "100", "missing_lines": 0, "excluded_lines": 0, "percent_statements_covered": 100.0, "percent_statements_covered_display": "100"}, "missing_lines": [], "excluded_lines": []}, "parse_username": {"executed_lines": [54, 56, 57, 59, 61, 62, 64], "summary": {"covered_lines": 7, "num_statements": 7, "percent_covered": 100.0, "percent_covered_display": "100", "missing_lines": 0, "excluded_lines": 0, "percent_statements_covered": 100.0, "percent_statements_covered_display": "100"}, "missing_lines": [], "excluded_lines": []}, "": {"executed_lines": [1, 2, 3, 4, 6, 7, 10, 42, 53], "summary": {"covered_lines": 9, "num_statements": 9, "percent_covered": 100.0, "percent_covered_display": "100", "missing_lines": 0, "excluded_lines": 0, "percent_statements_covered": 100.0, "percent_statements_covered_display": "100"}, "missing_lines": [], "excluded_lines": []}}, "classes": {"": {"executed_lines": [1, 2, 3, 4, 6, 7, 10, 11, 12, 14, 15, 17, 19, 24, 28, 29, 30, 36, 38, 39, 42, 43, 44, 45, 48, 50, 53, 54, 56, 57, 59, 61, 62, 64], "summary": {"covered_lines": 34, "num_statements": 36, "percent_covered": 94.44444444444444, "percent_covered_display": "94", "missing_lines": 2, "excluded_lines": 0, "percent_statements_covered": 94.44444444444444, "percent_statements_covered_display": "94"}, "missing_lines": [20, 34], "excluded_lines": []}}}, "src/bot/handlers/ai.py": {"executed_lines": [1, 2, 4, 5, 6, 7, 9, 10, 12, 15, 16, 17, 19, 20, 24, 26, 27, 28, 29, 30, 34, 40, 41, 42, 45, 46, 49, 50, 68, 69, 70, 71, 72, 73, 75, 80, 81, 85, 88, 89, 92, 95, 98, 103, 112, 113, 114, 116], "summary": {"covered_lines": 48, "num_statements": 69, "percent_covered": 69.56521739130434, "percent_covered_display": "70", "missing_lines": 21, "excluded_lines": 0, "percent_statements_covered": 69.56521739130434, "percent_statements_covered_display": "70"}, "missing_lines": [35, 36, 37, 52, 53, 54, 55, 56, 59, 61, 62, 63, 64, 65, 77, 78, 99, 100, 118, 119, 120], "excluded_lines": [], "functions": {"handle": {"executed_lines": [16, 17, 19, 20, 24, 26, 27, 28, 29, 30, 34, 40, 41, 42, 45, 46, 49, 50, 68, 69, 70, 71, 72, 73, 75, 80, 81, 85, 88, 89, 92, 95, 98, 103, 112, 113, 114, 116], "summary": {"covered_lines": 38, "num_statements": 57, "percent_covered": 66.66666666666667, "percent_covered_display": "67", "missing_lines": 19, "excluded_lines": 0, "percent_statements_covered": 66.66666666666667, "percent_statements_covered_display": "67"}, "missing_lines": [35, 36, 37, 52, 53, 54, 55, 56, 59, 61, 62, 63, 64, 65, 77, 78, 118, 119, 120], "excluded_lines": []}, "handle.update_message": {"executed_lines": [], "summary": {"covered_lines": 0, "num_statements": 2, "percent_covered": 0.0, "percent_covered_display": "0", "missing_lines": 2, "excluded_lines": 0, "percent_statements_covered": 0.0, "percent_statements_covered_display": "0"}, "missing_lines": [99, 100], "excluded_lines": []}, "": {"executed_lines": [1, 2, 4, 5, 6, 7, 9, 10, 12, 15], "summary": {"covered_lines": 10, "num_statements": 10, "percent_covered": 100.0, "percent_covered_display": "100", "missing_lines": 0, "excluded_lines": 0, "percent_statements_covered": 100.0, "percent_statements_covered_display": "100"}, "missing_lines": [], "excluded_lines": []}}, "classes": {"": {"executed_lines": [1, 2, 4, 5, 6, 7, 9, 10, 12, 15, 16, 17, 19, 20, 24, 26, 27, 28, 29, 30, 34, 40, 41, 42, 45, 46, 49, 50, 68, 69, 70, 71, 72, 73, 75, 80, 81, 85, 88, 89, 92, 95, 98, 103, 112, 113, 114, 116], "summary": {"covered_lines": 48, "num_statements": 69, "percent_covered": 69.56521739130434, "percent_covered_display": "70", "missing_lines": 21, "excluded_lines": 0, "percent_statements_covered": 69.56521739130434, "percent_statements_covered_display": "70"}, "missing_lines": [35, 36, 37, 52, 53, 54, 55, 56, 59, 61, 62, 63, 64, 65, 77, 78, 99, 100, 118, 119, 120], "excluded_lines": []}}}, "src/bot/handlers/antiwordle.py": {"executed_lines": [1, 3, 4, 5, 7, 10, 11, 12, 13, 15, 16, 18, 20, 22, 23, 24, 25, 31, 34, 35, 36, 38, 40, 42, 45, 46, 48, 49, 51, 52, 54, 58, 59, 61, 64, 65, 67, 70, 71, 79, 81], "summary": {"covered_lines": 41, "num_statements": 46, "percent_covered": 89.1304347826087, "percent_covered_display": "89", "missing_lines": 5, "excluded_lines": 0, "percent_statements_covered": 89.1304347826087, "percent_statements_covered_display": "89"}, "missing_lines": [27, 28, 43, 55, 62], "excluded_lines": [], "functions": {"handle": {"executed_lines": [11, 12, 13, 15, 16, 18, 20, 22, 23, 24, 25], "summary": {"covered_lines": 11, "num_statements": 13, "percent_covered": 84.61538461538461, "percent_covered_display": "85", "missing_lines": 2, "excluded_lines": 0, "percent_statements_covered": 84.61538461538461, "percent_statements_covered_display": "85"}, "missing_lines": [27, 28], "excluded_lines": []}, "is_wordle_result": {"executed_lines": [35, 36, 38, 40, 42, 45, 46, 48, 49, 51, 52, 54, 58, 59, 61, 64, 65, 67], "summary": {"covered_lines": 18, "num_statements": 21, "percent_covered": 85.71428571428571, "percent_covered_display": "86", "missing_lines": 3, "excluded_lines": 0, "percent_statements_covered": 85.71428571428571, "percent_statements_covered_display": "86"}, "missing_lines": [43, 55, 62], "excluded_lines": []}, "random_reply": {"executed_lines": [71, 79, 81], "summary": {"covered_lines": 3, "num_statements": 3, "percent_covered": 100.0, "percent_covered_display": "100", "missing_lines": 0, "excluded_lines": 0, "percent_statements_covered": 100.0, "percent_statements_covered_display": "100"}, "missing_lines": [], "excluded_lines": []}, "": {"executed_lines": [1, 3, 4, 5, 7, 10, 31, 34, 70], "summary": {"covered_lines": 9, "num_statements": 9, "percent_covered": 100.0, "percent_covered_display": "100", "missing_lines": 0, "excluded_lines": 0, "percent_statements_covered": 100.0, "percent_statements_covered_display": "100"}, "missing_lines": [], "excluded_lines": []}}, "classes": {"": {"executed_lines": [1, 3, 4, 5, 7, 10, 11, 12, 13, 15, 16, 18, 20, 22, 23, 24, 25, 31, 34, 35, 36, 38, 40, 42, 45, 46, 48, 49, 51, 52, 54, 58, 59, 61, 64, 65, 67, 70, 71, 79, 81], "summary": {"covered_lines": 41, "num_statements": 46, "percent_covered": 89.1304347826087, "percent_covered_display": "89", "missing_lines": 5, "excluded_lines": 0, "percent_statements_covered": 89.1304347826087, "percent_statements_covered_display": "89"}, "missing_lines": [27, 28, 43, 55, 62], "excluded_lines": []}}}, "src/bot/handlers/ask.py": {"executed_lines": [1, 2, 4, 5, 6, 7, 9, 10, 12, 15, 16, 17, 19, 20, 24, 26, 27, 28, 29, 30, 34, 35, 36, 37, 40, 41, 42, 43, 44, 45, 46, 47, 49, 50, 54, 57, 60, 63, 68, 75, 76, 77, 79], "summary": {"covered_lines": 43, "num_statements": 48, "percent_covered": 89.58333333333333, "percent_covered_display": "90", "missing_lines": 5, "excluded_lines": 0, "percent_statements_covered": 89.58333333333333, "percent_statements_covered_display": "90"}, "missing_lines": [64, 65, 81, 82, 83], "excluded_lines": [], "functions": {"handle": {"executed_lines": [16, 17, 19, 20, 24, 26, 27, 28, 29, 30, 34, 35, 36, 37, 40, 41, 42, 43, 44, 45, 46, 47, 49, 50, 54, 57, 60, 63, 68, 75, 76, 77, 79], "summary": {"covered_lines": 33, "num_statements": 36, "percent_covered": 91.66666666666667, "percent_covered_display": "92", "missing_lines": 3, "excluded_lines": 0, "percent_statements_covered": 91.66666666666667, "percent_statements_covered_display": "92"}, "missing_lines": [81, 82, 83], "excluded_lines": []}, "handle.update_message": {"executed_lines": [], "summary": {"covered_lines": 0, "num_statements": 2, "percent_covered": 0.0, "percent_covered_display": "0", "missing_lines": 2, "excluded_lines": 0, "percent_statements_covered": 0.0, "percent_statements_covered_display": "0"}, "missing_lines": [64, 65], "excluded_lines": []}, "": {"executed_lines": [1, 2, 4, 5, 6, 7, 9, 10, 12, 15], "summary": {"covered_lines": 10, "num_statements": 10, "percent_covered": 100.0, "percent_covered_display": "100", "missing_lines": 0, "excluded_lines": 0, "percent_statements_covered": 100.0, "percent_statements_covered_display": "100"}, "missing_lines": [], "excluded_lines": []}}, "classes": {"": {"executed_lines": [1, 2, 4, 5, 6, 7, 9, 10, 12, 15, 16, 17, 19, 20, 24, 26, 27, 28, 29, 30, 34, 35, 36, 37, 40, 41, 42, 43, 44, 45, 46, 47, 49, 50, 54, 57, 60, 63, 68, 75, 76, 77, 79], "summary": {"covered_lines": 43, "num_statements": 48, "percent_covered": 89.58333333333333, "percent_covered_display": "90", "missing_lines": 5, "excluded_lines": 0, "percent_statements_covered": 89.58333333333333, "percent_statements_covered_display": "90"}, "missing_lines": [64, 65, 81, 82, 83], "excluded_lines": []}}}, "src/bot/handlers/bestie.py": {"executed_lines": [1, 3, 4, 6, 9, 10, 12, 13, 14, 16, 19, 20, 29, 31], "summary": {"covered_lines": 14, "num_statements": 14, "percent_covered": 100.0, "percent_covered_display": "100", "missing_lines": 0, "excluded_lines": 0, "percent_statements_covered": 100.0, "percent_statements_covered_display": "100"}, "missing_lines": [], "excluded_lines": [], "functions": {"handle": {"executed_lines": [10, 12, 13, 14, 16], "summary": {"covered_lines": 5, "num_statements": 5, "percent_covered": 100.0, "percent_covered_display": "100", "missing_lines": 0, "excluded_lines": 0, "percent_statements_covered": 100.0, "percent_statements_covered_display": "100"}, "missing_lines": [], "excluded_lines": []}, "random_reply": {"executed_lines": [20, 29, 31], "summary": {"covered_lines": 3, "num_statements": 3, "percent_covered": 100.0, "percent_covered_display": "100", "missing_lines": 0, "excluded_lines": 0, "percent_statements_covered": 100.0, "percent_statements_covered_display": "100"}, "missing_lines": [], "excluded_lines": []}, "": {"executed_lines": [1, 3, 4, 6, 9, 19], "summary": {"covered_lines": 6, "num_statements": 6, "percent_covered": 100.0, "percent_covered_display": "100", "missing_lines": 0, "excluded_lines": 0, "percent_statements_covered": 100.0, "percent_statements_covered_display": "100"}, "missing_lines": [], "excluded_lines": []}}, "classes": {"": {"executed_lines": [1, 3, 4, 6, 9, 10, 12, 13, 14, 16, 19, 20, 29, 31], "summary": {"covered_lines": 14, "num_statements": 14, "percent_covered": 100.0, "percent_covered_display": "100", "missing_lines": 0, "excluded_lines": 0, "percent_statements_covered": 100.0, "percent_statements_covered_display": "100"}, "missing_lines": [], "excluded_lines": []}}}, "src/bot/handlers/chutiya.py": {"executed_lines": [1, 2, 4, 5, 6, 7, 9, 11, 13, 15, 17, 20, 21, 22, 24, 25, 26, 28, 30, 31, 32, 33, 38, 45, 46, 48, 49, 54, 58, 59, 61, 62, 64, 68, 69, 70, 71], "summary": {"covered_lines": 37, "num_statements": 37, "percent_covered": 100.0, "percent_covered_display": "100", "missing_lines": 0, "excluded_lines": 0, "percent_statements_covered": 100.0, "percent_statements_covered_display": "100"}, "missing_lines": [], "excluded_lines": [], "functions": {"handle": {"executed_lines": [21, 22, 24, 25, 26, 28, 30, 31, 32, 33, 38, 45, 46, 48, 49, 54], "summary": {"covered_lines": 16, "num_statements": 16, "percent_covered": 100.0, "percent_covered_display": "100", "missing_lines": 0, "excluded_lines": 0, "percent_statements_covered": 100.0, "percent_statements_covered_display": "100"}, "missing_lines": [], "excluded_lines": []}, "acronymify": {"executed_lines": [59, 61, 62, 64], "summary": {"covered_lines": 4, "num_statements": 4, "percent_covered": 100.0, "percent_covered_display": "100", "missing_lines": 0, "excluded_lines": 0, "percent_statements_covered": 100.0, "percent_statements_covered_display": "100"}, "missing_lines": [], "excluded_lines": []}, "pick_a_word": {"executed_lines": [69, 70, 71], "summary": {"covered_lines": 3, "num_statements": 3, "percent_covered": 100.0, "percent_covered_display": "100", "missing_lines": 0, "excluded_lines": 0, "percent_statements_covered": 100.0, "percent_statements_covered_display": "100"}, "missing_lines": [], "excluded_lines": []}, "": {"executed_lines": [1, 2, 4, 5, 6, 7, 9, 11, 13, 15, 17, 20, 58, 68], "summary": {"covered_lines": 14, "num_statements": 14, "percent_covered": 100.0, "percent_covered_display": "100", "missing_lines": 0, "excluded_lines": 0, "percent_statements_covered": 100.0, "percent_statements_covered_display": "100"}, "missing_lines": [], "excluded_lines": []}}, "classes": {"": {"executed_lines": [1, 2, 4, 5, 6, 7, 9, 11, 13, 15, 17, 20, 21, 22, 24, 25, 26, 28, 30, 31, 32, 33, 38, 45, 46, 48, 49, 54, 58, 59, 61, 62, 64, 68, 69, 70, 71], "summary": {"covered_lines": 37, "num_statements": 37, "percent_covered": 100.0, "percent_covered_display": "100", "missing_lines": 0, "excluded_lines": 0, "percent_statements_covered": 100.0, "percent_statements_covered_display": "100"}, "missing_lines": [], "excluded_lines": []}}}, "src/bot/handlers/daan.py": {"executed_lines": [1, 2, 4, 5, 6, 7, 9, 10, 12, 14, 16, 18, 21, 22, 23, 26, 27, 29, 30, 34, 37, 40, 42, 44, 49, 53, 61, 62, 65, 66, 68, 71, 74, 75, 76, 77, 83, 84, 85, 86, 87, 88, 89, 91, 92, 95, 96, 97, 99, 107, 108, 109, 110, 113, 121, 122, 123, 125, 126, 127, 129, 137, 139, 141], "summary": {"covered_lines": 64, "num_statements": 77, "percent_covered": 83.11688311688312, "percent_covered_display": "83", "missing_lines": 13, "excluded_lines": 0, "percent_statements_covered": 83.11688311688312, "percent_statements_covered_display": "83"}, "missing_lines": [54, 55, 56, 79, 80, 114, 115, 116, 117, 118, 143, 144, 149], "excluded_lines": [], "functions": {"handle": {"executed_lines": [22, 23, 26, 27, 29, 30, 34, 37, 40, 42, 44, 49, 53, 61, 62, 65, 66, 68, 71, 74, 75, 76, 77, 83, 84, 85, 86, 87, 88, 89, 91, 92, 95, 96, 97, 99, 107, 108, 109, 110, 113, 121, 122, 123, 125, 126, 127, 129, 137, 139, 141], "summary": {"covered_lines": 51, "num_statements": 64, "percent_covered": 79.6875, "percent_covered_display": "80", "missing_lines": 13, "excluded_lines": 0, "percent_statements_covered": 79.6875, "percent_statements_covered_display": "80"}, "missing_lines": [54, 55, 56, 79, 80, 114, 115, 116, 117, 118, 143, 144, 149], "excluded_lines": []}, "": {"executed_lines": [1, 2, 4, 5, 6, 7, 9, 10, 12, 14, 16, 18, 21], "summary": {"covered_lines": 13, "num_statements": 13, "percent_covered": 100.0, "percent_covered_display": "100", "missing_lines": 0, "excluded_lines": 0, "percent_statements_covered": 100.0, "percent_statements_covered_display": "100"}, "missing_lines": [], "excluded_lines": []}}, "classes": {"": {"executed_lines": [1, 2, 4, 5, 6, 7, 9, 10, 12, 14, 16, 18, 21, 22, 23, 26, 27, 29, 30, 34, 37, 40, 42, 44, 49, 53, 61, 62, 65, 66, 68, 71, 74, 75, 76, 77, 83, 84, 85, 86, 87, 88, 89, 91, 92, 95, 96, 97, 99, 107, 108, 109, 110, 113, 121, 122, 123, 125, 126, 127, 129, 137, 139, 141], "summary": {"covered_lines": 64, "num_statements": 77, "percent_covered": 83.11688311688312, "percent_covered_display": "83", "missing_lines": 13, "excluded_lines": 0, "percent_statements_covered": 83.11688311688312, "percent_statements_covered_display": "83"}, "missing_lines": [54, 55, 56, 79, 80, 114, 115, 116, 117, 118, 143, 144, 149], "excluded_lines": []}}}, "src/bot/handlers/dalle.py": {"executed_lines": [1, 2, 4, 5, 6, 7, 9, 10, 12, 14, 16, 19, 20, 21, 23, 24, 28, 30, 31, 32, 35, 37, 38, 39, 44, 45, 46, 47, 97, 98, 103, 106, 107, 109, 110, 112, 113, 115, 117], "summary": {"covered_lines": 39, "num_statements": 67, "percent_covered": 58.208955223880594, "percent_covered_display": "58", "missing_lines": 28, "excluded_lines": 0, "percent_statements_covered": 58.208955223880594, "percent_statements_covered_display": "58"}, "missing_lines": [25, 26, 40, 41, 42, 49, 51, 52, 54, 55, 56, 57, 62, 65, 67, 69, 71, 73, 74, 75, 77, 79, 82, 85, 87, 88, 93, 95], "excluded_lines": [], "functions": {"handle": {"executed_lines": [20, 21, 23, 24, 28, 30, 31, 32, 35, 37, 38, 39, 44, 45, 46, 47, 97, 98, 103], "summary": {"covered_lines": 19, "num_statements": 47, "percent_covered": 40.42553191489362, "percent_covered_display": "40", "missing_lines": 28, "excluded_lines": 0, "percent_statements_covered": 40.42553191489362, "percent_statements_covered_display": "40"}, "missing_lines": [25, 26, 40, 41, 42, 49, 51, 52, 54, 55, 56, 57, 62, 65, 67, 69, 71, 73, 74, 75, 77, 79, 82, 85, 87, 88, 93, 95], "excluded_lines": []}, "extract_prompt": {"executed_lines": [107, 109, 110, 112, 113, 115, 117], "summary": {"covered_lines": 7, "num_statements": 7, "percent_covered": 100.0, "percent_covered_display": "100", "missing_lines": 0, "excluded_lines": 0, "percent_statements_covered": 100.0, "percent_statements_covered_display": "100"}, "missing_lines": [], "excluded_lines": []}, "": {"executed_lines": [1, 2, 4, 5, 6, 7, 9, 10, 12, 14, 16, 19, 106], "summary": {"covered_lines": 13, "num_statements": 13, "percent_covered": 100.0, "percent_covered_display": "100", "missing_lines": 0, "excluded_lines": 0, "percent_statements_covered": 100.0, "percent_statements_covered_display": "100"}, "missing_lines": [], "excluded_lines": []}}, "classes": {"": {"executed_lines": [1, 2, 4, 5, 6, 7, 9, 10, 12, 14, 16, 19, 20, 21, 23, 24, 28, 30, 31, 32, 35, 37, 38, 39, 44, 45, 46, 47, 97, 98, 103, 106, 107, 109, 110, 112, 113, 115, 117], "summary": {"covered_lines": 39, "num_statements": 67, "percent_covered": 58.208955223880594, "percent_covered_display": "58", "missing_lines": 28, "excluded_lines": 0, "percent_statements_covered": 58.208955223880594, "percent_statements_covered_display": "58"}, "missing_lines": [25, 26, 40, 41, 42, 49, 51, 52, 54, 55, 56, 57, 62, 65, 67, 69, 71, 73, 74, 75, 77, 79, 82, 85, 87, 88, 93, 95], "excluded_lines": []}}}, "src/bot/handlers/defaults.py": {"executed_lines": [1, 2, 3, 5, 6, 7, 8, 10, 11, 12, 14, 17, 18, 21, 22, 28, 29, 30, 31, 33, 35, 37, 39, 41, 44, 47, 48, 50, 51, 53, 55, 57, 58, 59, 60, 64, 66, 67, 73, 75, 81, 82, 84, 85, 90, 91, 106, 108, 109, 111, 116, 122, 124, 125, 130, 133, 134, 136, 138, 139, 142, 143, 145, 148, 149, 151, 152, 154, 155, 157, 160, 161, 164, 166, 167, 168, 170, 171, 174, 175, 181, 184, 186, 187, 189, 191], "summary": {"covered_lines": 86, "num_statements": 93, "percent_covered": 92.47311827956989, "percent_covered_display": "92", "missing_lines": 7, "excluded_lines": 0, "percent_statements_covered": 92.47311827956989, "percent_statements_covered_display": "92"}, "missing_lines": [24, 25, 95, 96, 101, 127, 128], "excluded_lines": [], "functions": {"all": {"executed_lines": [18, 21, 22, 28, 29, 30, 31, 33, 35, 37, 39, 41], "summary": {"covered_lines": 12, "num_statements": 14, "percent_covered": 85.71428571428571, "percent_covered_display": "86", "missing_lines": 2, "excluded_lines": 0, "percent_statements_covered": 85.71428571428571, "percent_statements_covered_display": "86"}, "missing_lines": [24, 25], "excluded_lines": []}, "handle_bakchod_metadata_effects": {"executed_lines": [47, 48, 50, 51, 53, 55, 57, 58, 59, 60, 64, 66, 67, 73, 75, 81, 82, 84, 85, 90, 91, 106, 108, 109, 111, 116, 122, 124, 125, 130], "summary": {"covered_lines": 30, "num_statements": 35, "percent_covered": 85.71428571428571, "percent_covered_display": "86", "missing_lines": 5, "excluded_lines": 0, "percent_statements_covered": 85.71428571428571, "percent_statements_covered_display": "86"}, "missing_lines": [95, 96, 101, 127, 128], "excluded_lines": []}, "handle_message_matching": {"executed_lines": [134, 136, 138, 139, 142, 143, 145], "summary": {"covered_lines": 7, "num_statements": 7, "percent_covered": 100.0, "percent_covered_display": "100", "missing_lines": 0, "excluded_lines": 0, "percent_statements_covered": 100.0, "percent_statements_covered_display": "100"}, "missing_lines": [], "excluded_lines": []}, "handle_dice_rolls": {"executed_lines": [149, 151, 152, 154, 155, 157], "summary": {"covered_lines": 6, "num_statements": 6, "percent_covered": 100.0, "percent_covered_display": "100", "missing_lines": 0, "excluded_lines": 0, "percent_statements_covered": 100.0, "percent_statements_covered_display": "100"}, "missing_lines": [], "excluded_lines": []}, "status_update": {"executed_lines": [161, 164, 166, 167, 168, 170, 171, 174, 175, 181, 184, 186, 187, 189, 191], "summary": {"covered_lines": 15, "num_statements": 15, "percent_covered": 100.0, "percent_covered_display": "100", "missing_lines": 0, "excluded_lines": 0, "percent_statements_covered": 100.0, "percent_statements_covered_display": "100"}, "missing_lines": [], "excluded_lines": []}, "": {"executed_lines": [1, 2, 3, 5, 6, 7, 8, 10, 11, 12, 14, 17, 44, 133, 148, 160], "summary": {"covered_lines": 16, "num_statements": 16, "percent_covered": 100.0, "percent_covered_display": "100", "missing_lines": 0, "excluded_lines": 0, "percent_statements_covered": 100.0, "percent_statements_covered_display": "100"}, "missing_lines": [], "excluded_lines": []}}, "classes": {"": {"executed_lines": [1, 2, 3, 5, 6, 7, 8, 10, 11, 12, 14, 17, 18, 21, 22, 28, 29, 30, 31, 33, 35, 37, 39, 41, 44, 47, 48, 50, 51, 53, 55, 57, 58, 59, 60, 64, 66, 67, 73, 75, 81, 82, 84, 85, 90, 91, 106, 108, 109, 111, 116, 122, 124, 125, 130, 133, 134, 136, 138, 139, 142, 143, 145, 148, 149, 151, 152, 154, 155, 157, 160, 161, 164, 166, 167, 168, 170, 171, 174, 175, 181, 184, 186, 187, 189, 191], "summary": {"covered_lines": 86, "num_statements": 93, "percent_covered": 92.47311827956989, "percent_covered_display": "92", "missing_lines": 7, "excluded_lines": 0, "percent_statements_covered": 92.47311827956989, "percent_statements_covered_display": "92"}, "missing_lines": [24, 25, 95, 96, 101, 127, 128], "excluded_lines": []}}}, "src/bot/handlers/errors.py": {"executed_lines": [1, 3, 4, 5, 7, 10, 11, 12, 14, 22, 40], "summary": {"covered_lines": 11, "num_statements": 11, "percent_covered": 100.0, "percent_covered_display": "100", "missing_lines": 0, "excluded_lines": 0, "percent_statements_covered": 100.0, "percent_statements_covered_display": "100"}, "missing_lines": [], "excluded_lines": [], "functions": {"log_error": {"executed_lines": [11, 12, 14, 22, 40], "summary": {"covered_lines": 5, "num_statements": 5, "percent_covered": 100.0, "percent_covered_display": "100", "missing_lines": 0, "excluded_lines": 0, "percent_statements_covered": 100.0, "percent_statements_covered_display": "100"}, "missing_lines": [], "excluded_lines": []}, "": {"executed_lines": [1, 3, 4, 5, 7, 10], "summary": {"covered_lines": 6, "num_statements": 6, "percent_covered": 100.0, "percent_covered_display": "100", "missing_lines": 0, "excluded_lines": 0, "percent_statements_covered": 100.0, "percent_statements_covered_display": "100"}, "missing_lines": [], "excluded_lines": []}}, "classes": {"": {"executed_lines": [1, 3, 4, 5, 7, 10, 11, 12, 14, 22, 40], "summary": {"covered_lines": 11, "num_statements": 11, "percent_covered": 100.0, "percent_covered_display": "100", "missing_lines": 0, "excluded_lines": 0, "percent_statements_covered": 100.0, "percent_statements_covered_display": "100"}, "missing_lines": [], "excluded_lines": []}}}, "src/bot/handlers/gamble.py": {"executed_lines": [1, 2, 3, 5, 6, 7, 8, 10, 11, 14, 15, 16, 18, 20, 21, 22, 23, 25, 26, 28, 29, 34, 37, 38, 40, 43, 44, 46, 48, 50, 51, 52, 53, 54, 55, 56, 57, 58, 59, 60, 61, 62, 63, 64, 65, 66, 67, 70, 71, 72, 73, 74, 75, 76, 77, 78, 79, 80, 81, 82, 85, 86, 87, 88, 89, 90, 91, 92, 93, 94, 95, 96, 97, 98, 101, 102, 103, 105, 106, 109, 110, 112, 118, 121, 122, 123, 125, 126, 128, 131, 132, 133, 135, 137, 138, 139, 140, 141, 143, 144, 145, 146, 147, 149], "summary": {"covered_lines": 104, "num_statements": 106, "percent_covered": 98.11320754716981, "percent_covered_display": "98", "missing_lines": 2, "excluded_lines": 0, "percent_statements_covered": 98.11320754716981, "percent_statements_covered_display": "98"}, "missing_lines": [68, 69], "excluded_lines": [], "functions": {"handle": {"executed_lines": [15, 16, 18, 20, 21, 22, 23, 25, 26, 28, 29, 34], "summary": {"covered_lines": 12, "num_statements": 12, "percent_covered": 100.0, "percent_covered_display": "100", "missing_lines": 0, "excluded_lines": 0, "percent_statements_covered": 100.0, "percent_statements_covered_display": "100"}, "missing_lines": [], "excluded_lines": []}, "gamble": {"executed_lines": [38, 40, 43, 44, 46, 48, 50, 51, 52, 53, 54, 55, 56, 57, 58, 59, 60, 61, 62, 63, 64, 65, 66, 67, 70, 71, 72, 73, 74, 75, 76, 77, 78, 79, 80, 81, 82, 85, 86, 87, 88, 89, 90, 91, 92, 93, 94, 95, 96, 97, 98, 101, 102, 103, 105, 106, 109, 110, 112, 118], "summary": {"covered_lines": 60, "num_statements": 62, "percent_covered": 96.7741935483871, "percent_covered_display": "97", "missing_lines": 2, "excluded_lines": 0, "percent_statements_covered": 96.7741935483871, "percent_statements_covered_display": "97"}, "missing_lines": [68, 69], "excluded_lines": []}, "can_bakchod_gamble": {"executed_lines": [122, 123, 125, 126, 128, 131, 132, 133, 135, 137, 138, 139, 140, 141, 143, 144, 145, 146, 147, 149], "summary": {"covered_lines": 20, "num_statements": 20, "percent_covered": 100.0, "percent_covered_display": "100", "missing_lines": 0, "excluded_lines": 0, "percent_statements_covered": 100.0, "percent_statements_covered_display": "100"}, "missing_lines": [], "excluded_lines": []}, "": {"executed_lines": [1, 2, 3, 5, 6, 7, 8, 10, 11, 14, 37, 121], "summary": {"covered_lines": 12, "num_statements": 12, "percent_covered": 100.0, "percent_covered_display": "100", "missing_lines": 0, "excluded_lines": 0, "percent_statements_covered": 100.0, "percent_statements_covered_display": "100"}, "missing_lines": [], "excluded_lines": []}}, "classes": {"": {"executed_lines": [1, 2, 3, 5, 6, 7, 8, 10, 11, 14, 15, 16, 18, 20, 21, 22, 23, 25, 26, 28, 29, 34, 37, 38, 40, 43, 44, 46, 48, 50, 51, 52, 53, 54, 55, 56, 57, 58, 59, 60, 61, 62, 63, 64, 65, 66, 67, 70, 71, 72, 73, 74, 75, 76, 77, 78, 79, 80, 81, 82, 85, 86, 87, 88, 89, 90, 91, 92, 93, 94, 95, 96, 97, 98, 101, 102, 103, 105, 106, 109, 110, 112, 118, 121, 122, 123, 125, 126, 128, 131, 132, 133, 135, 137, 138, 139, 140, 141, 143, 144, 145, 146, 147, 149], "summary": {"covered_lines": 104, "num_statements": 106, "percent_covered": 98.11320754716981, "percent_covered_display": "98", "missing_lines": 2, "excluded_lines": 0, "percent_statements_covered": 98.11320754716981, "percent_statements_covered_display": "98"}, "missing_lines": [68, 69], "excluded_lines": []}}}, "src/bot/handlers/help.py": {"executed_lines": [1, 2, 3, 5, 8, 9, 10], "summary": {"covered_lines": 7, "num_statements": 7, "percent_covered": 100.0, "percent_covered_display": "100", "missing_lines": 0, "excluded_lines": 0, "percent_statements_covered": 100.0, "percent_statements_covered_display": "100"}, "missing_lines": [], "excluded_lines": [], "functions": {"handle": {"executed_lines": [9, 10], "summary": {"covered_lines": 2, "num_statements": 2, "percent_covered": 100.0, "percent_covered_display": "100", "missing_lines": 0, "excluded_lines": 0, "percent_statements_covered": 100.0, "percent_statements_covered_display": "100"}, "missing_lines": [], "excluded_lines": []}, "": {"executed_lines": [1, 2, 3, 5, 8], "summary": {"covered_lines": 5, "num_statements": 5, "percent_covered": 100.0, "percent_covered_display": "100", "missing_lines": 0, "excluded_lines": 0, "percent_statements_covered": 100.0, "percent_statements_covered_display": "100"}, "missing_lines": [], "excluded_lines": []}}, "classes": {"": {"executed_lines": [1, 2, 3, 5, 8, 9, 10], "summary": {"covered_lines": 7, "num_statements": 7, "percent_covered": 100.0, "percent_covered_display": "100", "missing_lines": 0, "excluded_lines": 0, "percent_statements_covered": 100.0, "percent_statements_covered_display": "100"}, "missing_lines": [], "excluded_lines": []}}}, "src/bot/handlers/hi.py": {"executed_lines": [1, 3, 4, 6, 9, 10, 11, 12, 14, 17, 18, 19], "summary": {"covered_lines": 12, "num_statements": 12, "percent_covered": 100.0, "percent_covered_display": "100", "missing_lines": 0, "excluded_lines": 0, "percent_statements_covered": 100.0, "percent_statements_covered_display": "100"}, "missing_lines": [], "excluded_lines": [], "functions": {"handle": {"executed_lines": [10, 11, 12, 14], "summary": {"covered_lines": 4, "num_statements": 4, "percent_covered": 100.0, "percent_covered_display": "100", "missing_lines": 0, "excluded_lines": 0, "percent_statements_covered": 100.0, "percent_statements_covered_display": "100"}, "missing_lines": [], "excluded_lines": []}, "random_reply": {"executed_lines": [18, 19], "summary": {"covered_lines": 2, "num_statements": 2, "percent_covered": 100.0, "percent_covered_display": "100", "missing_lines": 0, "excluded_lines": 0, "percent_statements_covered": 100.0, "percent_statements_covered_display": "100"}, "missing_lines": [], "excluded_lines": []}, "": {"executed_lines": [1, 3, 4, 6, 9, 17], "summary": {"covered_lines": 6, "num_statements": 6, "percent_covered": 100.0, "percent_covered_display": "100", "missing_lines": 0, "excluded_lines": 0, "percent_statements_covered": 100.0, "percent_statements_covered_display": "100"}, "missing_lines": [], "excluded_lines": []}}, "classes": {"": {"executed_lines": [1, 3, 4, 6, 9, 10, 11, 12, 14, 17, 18, 19], "summary": {"covered_lines": 12, "num_statements": 12, "percent_covered": 100.0, "percent_covered_display": "100", "missing_lines": 0, "excluded_lines": 0, "percent_statements_covered": 100.0, "percent_statements_covered_display": "100"}, "missing_lines": [], "excluded_lines": []}}}, "src/bot/handlers/mom_llm.py": {"executed_lines": [1, 2, 4, 5, 6, 7, 8, 10, 11, 13, 15, 17, 19, 21, 23, 26, 27, 28, 30, 31, 32, 33, 35, 36, 40, 42, 44, 45, 46, 47, 50, 51, 55, 57, 58, 60, 61, 64, 66, 68, 73, 75, 80, 81, 84, 85, 86, 87, 89, 90, 91, 92, 95, 96, 100, 101, 102, 105, 110, 111, 113, 114, 115, 117, 119, 125, 127, 129, 132, 133], "summary": {"covered_lines": 70, "num_statements": 75, "percent_covered": 93.33333333333333, "percent_covered_display": "93", "missing_lines": 5, "excluded_lines": 0, "percent_statements_covered": 93.33333333333333, "percent_statements_covered_display": "93"}, "missing_lines": [106, 107, 135, 136, 141], "excluded_lines": [], "functions": {"handle": {"executed_lines": [27, 28, 30, 31, 32, 33, 35, 36, 40, 42, 44, 45, 46, 47, 50, 51, 55, 57, 58, 60, 61, 64, 66, 68, 73, 75, 80, 81, 84, 85, 86, 87, 89, 90, 91, 92, 95, 96, 100, 101, 102, 105, 110, 111, 113, 114, 115, 117, 119, 125, 127, 129, 132, 133], "summary": {"covered_lines": 54, "num_statements": 59, "percent_covered": 91.52542372881356, "percent_covered_display": "92", "missing_lines": 5, "excluded_lines": 0, "percent_statements_covered": 91.52542372881356, "percent_statements_covered_display": "92"}, "missing_lines": [106, 107, 135, 136, 141], "excluded_lines": []}, "": {"executed_lines": [1, 2, 4, 5, 6, 7, 8, 10, 11, 13, 15, 17, 19, 21, 23, 26], "summary": {"covered_lines": 16, "num_statements": 16, "percent_covered": 100.0, "percent_covered_display": "100", "missing_lines": 0, "excluded_lines": 0, "percent_statements_covered": 100.0, "percent_statements_covered_display": "100"}, "missing_lines": [], "excluded_lines": []}}, "classes": {"": {"executed_lines": [1, 2, 4, 5, 6, 7, 8, 10, 11, 13, 15, 17, 19, 21, 23, 26, 27, 28, 30, 31, 32, 33, 35, 36, 40, 42, 44, 45, 46, 47, 50, 51, 55, 57, 58, 60, 61, 64, 66, 68, 73, 75, 80, 81, 84, 85, 86, 87, 89, 90, 91, 92, 95, 96, 100, 101, 102, 105, 110, 111, 113, 114, 115, 117, 119, 125, 127, 129, 132, 133], "summary": {"covered_lines": 70, "num_statements": 75, "percent_covered": 93.33333333333333, "percent_covered_display": "93", "missing_lines": 5, "excluded_lines": 0, "percent_statements_covered": 93.33333333333333, "percent_statements_covered_display": "93"}, "missing_lines": [106, 107, 135, 136, 141], "excluded_lines": []}}}, "src/bot/handlers/mom_rake.py": {"executed_lines": [1, 3, 4, 5, 6, 8, 10, 12, 14, 16, 18, 21, 22, 23, 25, 26, 30, 31, 35, 37, 39, 40, 41, 42, 44, 46, 48, 49, 50, 55, 56, 61], "summary": {"covered_lines": 32, "num_statements": 36, "percent_covered": 88.88888888888889, "percent_covered_display": "89", "missing_lines": 4, "excluded_lines": 0, "percent_statements_covered": 88.88888888888889, "percent_statements_covered_display": "89"}, "missing_lines": [27, 28, 52, 53], "excluded_lines": [], "functions": {"handle": {"executed_lines": [22, 23, 25, 26, 30, 31, 35, 37, 39, 40, 41, 42, 44, 46, 48, 49, 50, 55, 56, 61], "summary": {"covered_lines": 20, "num_statements": 24, "percent_covered": 83.33333333333333, "percent_covered_display": "83", "missing_lines": 4, "excluded_lines": 0, "percent_statements_covered": 83.33333333333333, "percent_statements_covered_display": "83"}, "missing_lines": [27, 28, 52, 53], "excluded_lines": []}, "": {"executed_lines": [1, 3, 4, 5, 6, 8, 10, 12, 14, 16, 18, 21], "summary": {"covered_lines": 12, "num_statements": 12, "percent_covered": 100.0, "percent_covered_display": "100", "missing_lines": 0, "excluded_lines": 0, "percent_statements_covered": 100.0, "percent_statements_covered_display": "100"}, "missing_lines": [], "excluded_lines": []}}, "classes": {"": {"executed_lines": [1, 3, 4, 5, 6, 8, 10, 12, 14, 16, 18, 21, 22, 23, 25, 26, 30, 31, 35, 37, 39, 40, 41, 42, 44, 46, 48, 49, 50, 55, 56, 61], "summary": {"covered_lines": 32, "num_statements": 36, "percent_covered": 88.88888888888889, "percent_covered_display": "89", "missing_lines": 4, "excluded_lines": 0, "percent_statements_covered": 88.88888888888889, "percent_statements_covered_display": "89"}, "missing_lines": [27, 28, 52, 53], "excluded_lines": []}}}, "src/bot/handlers/mom_spacy.py": {"executed_lines": [1, 2, 3, 5, 6, 7, 8, 9, 11, 13, 15, 17, 19, 21, 23, 24, 27, 28, 29, 32, 33, 36, 39, 41, 42, 47, 48, 51, 54, 57, 58, 59, 60, 62, 65, 66, 71, 73, 74, 75, 78, 81, 84, 91, 92, 93, 94, 95, 96, 99, 122, 123, 128, 131, 132, 134, 136, 137, 140, 141, 143, 146, 148, 149, 152, 155, 159, 162, 164, 167, 168, 173, 174, 176, 181, 182, 183, 184, 186, 187, 188, 190, 191, 192, 193, 197, 201, 202, 203, 204, 205, 210, 211, 213, 215, 216, 217, 219, 220, 221, 224, 226, 228, 230, 231, 237, 238, 240, 241, 242, 243, 244, 245, 248, 250, 253, 254, 263, 265], "summary": {"covered_lines": 119, "num_statements": 135, "percent_covered": 88.14814814814815, "percent_covered_display": "88", "missing_lines": 16, "excluded_lines": 0, "percent_statements_covered": 88.14814814814815, "percent_statements_covered_display": "88"}, "missing_lines": [43, 44, 100, 105, 107, 112, 114, 115, 118, 120, 157, 178, 195, 206, 233, 246], "excluded_lines": [], "functions": {"handle": {"executed_lines": [28, 29, 32, 33, 36, 39, 41, 42, 47, 48, 51, 54, 57, 58, 59, 60, 62, 65, 66, 71, 73, 74, 75, 78, 81, 84, 91, 92, 93, 94, 95, 96, 99, 122, 123, 128], "summary": {"covered_lines": 36, "num_statements": 46, "percent_covered": 78.26086956521739, "percent_covered_display": "78", "missing_lines": 10, "excluded_lines": 0, "percent_statements_covered": 78.26086956521739, "percent_statements_covered_display": "78"}, "missing_lines": [43, 44, 100, 105, 107, 112, 114, 115, 118, 120], "excluded_lines": []}, "extract_target_message": {"executed_lines": [132, 134, 136, 137, 140, 141, 143], "summary": {"covered_lines": 7, "num_statements": 7, "percent_covered": 100.0, "percent_covered_display": "100", "missing_lines": 0, "excluded_lines": 0, "percent_statements_covered": 100.0, "percent_statements_covered_display": "100"}, "missing_lines": [], "excluded_lines": []}, "rake_joke": {"executed_lines": [148, 149, 152, 155, 159, 162, 164], "summary": {"covered_lines": 7, "num_statements": 8, "percent_covered": 87.5, "percent_covered_display": "88", "missing_lines": 1, "excluded_lines": 0, "percent_statements_covered": 87.5, "percent_statements_covered_display": "88"}, "missing_lines": [157], "excluded_lines": []}, "spacy_joke": {"executed_lines": [168], "summary": {"covered_lines": 1, "num_statements": 1, "percent_covered": 100.0, "percent_covered_display": "100", "missing_lines": 0, "excluded_lines": 0, "percent_statements_covered": 100.0, "percent_statements_covered_display": "100"}, "missing_lines": [], "excluded_lines": []}, "joke_mom": {"executed_lines": [174, 176, 181, 182, 183, 184, 186, 187, 188, 190, 191, 192, 193, 197], "summary": {"covered_lines": 14, "num_statements": 16, "percent_covered": 87.5, "percent_covered_display": "88", "missing_lines": 2, "excluded_lines": 0, "percent_statements_covered": 87.5, "percent_statements_covered_display": "88"}, "missing_lines": [178, 195], "excluded_lines": []}, "get_pos": {"executed_lines": [202, 203, 204, 205], "summary": {"covered_lines": 4, "num_statements": 5, "percent_covered": 80.0, "percent_covered_display": "80", "missing_lines": 1, "excluded_lines": 0, "percent_statements_covered": 80.0, "percent_statements_covered_display": "80"}, "missing_lines": [206], "excluded_lines": []}, "get_verb": {"executed_lines": [211, 213, 215, 216, 217, 219, 220, 221, 224, 226, 228, 230, 231], "summary": {"covered_lines": 13, "num_statements": 14, "percent_covered": 92.85714285714286, "percent_covered_display": "93", "missing_lines": 1, "excluded_lines": 0, "percent_statements_covered": 92.85714285714286, "percent_statements_covered_display": "93"}, "missing_lines": [233], "excluded_lines": []}, "get_verb_past": {"executed_lines": [238, 240, 241, 242, 243, 244, 245, 248, 250], "summary": {"covered_lines": 9, "num_statements": 10, "percent_covered": 90.0, "percent_covered_display": "90", "missing_lines": 1, "excluded_lines": 0, "percent_statements_covered": 90.0, "percent_statements_covered_display": "90"}, "missing_lines": [246], "excluded_lines": []}, "random_reply": {"executed_lines": [254, 263, 265], "summary": {"covered_lines": 3, "num_statements": 3, "percent_covered": 100.0, "percent_covered_display": "100", "missing_lines": 0, "excluded_lines": 0, "percent_statements_covered": 100.0, "percent_statements_covered_display": "100"}, "missing_lines": [], "excluded_lines": []}, "": {"executed_lines": [1, 2, 3, 5, 6, 7, 8, 9, 11, 13, 15, 17, 19, 21, 23, 24, 27, 131, 146, 167, 173, 201, 210, 237, 253], "summary": {"covered_lines": 25, "num_statements": 25, "percent_covered": 100.0, "percent_covered_display": "100", "missing_lines": 0, "excluded_lines": 0, "percent_statements_covered": 100.0, "percent_statements_covered_display": "100"}, "missing_lines": [], "excluded_lines": []}}, "classes": {"": {"executed_lines": [1, 2, 3, 5, 6, 7, 8, 9, 11, 13, 15, 17, 19, 21, 23, 24, 27, 28, 29, 32, 33, 36, 39, 41, 42, 47, 48, 51, 54, 57, 58, 59, 60, 62, 65, 66, 71, 73, 74, 75, 78, 81, 84, 91, 92, 93, 94, 95, 96, 99, 122, 123, 128, 131, 132, 134, 136, 137, 140, 141, 143, 146, 148, 149, 152, 155, 159, 162, 164, 167, 168, 173, 174, 176, 181, 182, 183, 184, 186, 187, 188, 190, 191, 192, 193, 197, 201, 202, 203, 204, 205, 210, 211, 213, 215, 216, 217, 219, 220, 221, 224, 226, 228, 230, 231, 237, 238, 240, 241, 242, 243, 244, 245, 248, 250, 253, 254, 263, 265], "summary": {"covered_lines": 119, "num_statements": 135, "percent_covered": 88.14814814814815, "percent_covered_display": "88", "missing_lines": 16, "excluded_lines": 0, "percent_statements_covered": 88.14814814814815, "percent_statements_covered_display": "88"}, "missing_lines": [43, 44, 100, 105, 107, 112, 114, 115, 118, 120, 157, 178, 195, 206, 233, 246], "excluded_lines": []}}}, "src/bot/handlers/musiclinks.py": {"executed_lines": [1, 3, 4, 5, 6, 11, 14, 15, 17, 18, 21, 22, 23, 25, 26, 28, 29, 30, 32, 33, 36, 38, 40, 41, 42, 43, 45, 48, 49, 50, 51, 52, 55, 56, 57, 58, 64, 65, 66, 69, 71, 73, 74], "summary": {"covered_lines": 43, "num_statements": 43, "percent_covered": 100.0, "percent_covered_display": "100", "missing_lines": 0, "excluded_lines": 0, "percent_statements_covered": 100.0, "percent_statements_covered_display": "100"}, "missing_lines": [], "excluded_lines": [], "functions": {"handle": {"executed_lines": [15, 17, 18, 21, 22, 23, 25, 26, 28, 29, 30, 32, 33, 36, 38, 40, 41, 42, 43, 45, 48, 55, 56, 57, 58, 64, 65, 66, 69, 71, 73, 74], "summary": {"covered_lines": 32, "num_statements": 32, "percent_covered": 100.0, "percent_covered_display": "100", "missing_lines": 0, "excluded_lines": 0, "percent_statements_covered": 100.0, "percent_statements_covered_display": "100"}, "missing_lines": [], "excluded_lines": []}, "handle.add_link": {"executed_lines": [49, 50, 51, 52], "summary": {"covered_lines": 4, "num_statements": 4, "percent_covered": 100.0, "percent_covered_display": "100", "missing_lines": 0, "excluded_lines": 0, "percent_statements_covered": 100.0, "percent_statements_covered_display": "100"}, "missing_lines": [], "excluded_lines": []}, "": {"executed_lines": [1, 3, 4, 5, 6, 11, 14], "summary": {"covered_lines": 7, "num_statements": 7, "percent_covered": 100.0, "percent_covered_display": "100", "missing_lines": 0, "excluded_lines": 0, "percent_statements_covered": 100.0, "percent_statements_covered_display": "100"}, "missing_lines": [], "excluded_lines": []}}, "classes": {"": {"executed_lines": [1, 3, 4, 5, 6, 11, 14, 15, 17, 18, 21, 22, 23, 25, 26, 28, 29, 30, 32, 33, 36, 38, 40, 41, 42, 43, 45, 48, 49, 50, 51, 52, 55, 56, 57, 58, 64, 65, 66, 69, 71, 73, 74], "summary": {"covered_lines": 43, "num_statements": 43, "percent_covered": 100.0, "percent_covered_display": "100", "missing_lines": 0, "excluded_lines": 0, "percent_statements_covered": 100.0, "percent_statements_covered_display": "100"}, "missing_lines": [], "excluded_lines": []}}}, "src/bot/handlers/pic.py": {"executed_lines": [1, 2, 3, 4, 5, 6, 8, 9, 10, 11, 12, 13, 15, 17, 20, 21, 22, 25, 28, 29, 32, 33, 34, 35, 40, 41, 42, 44, 45, 49, 51, 52, 55, 58, 59, 60, 62, 64, 66, 68, 73, 74, 75, 76, 77, 81, 82, 85, 86, 87, 101, 102, 108, 109, 110, 112, 113, 114, 160, 161, 162], "summary": {"covered_lines": 61, "num_statements": 110, "percent_covered": 55.45454545454545, "percent_covered_display": "55", "missing_lines": 49, "excluded_lines": 0, "percent_statements_covered": 55.45454545454545, "percent_statements_covered_display": "55"}, "missing_lines": [36, 37, 69, 70, 78, 88, 89, 90, 91, 92, 93, 96, 97, 98, 103, 105, 106, 117, 119, 122, 123, 126, 127, 128, 129, 130, 131, 133, 134, 135, 139, 140, 141, 142, 144, 145, 146, 147, 148, 149, 153, 155, 156, 157, 163, 164, 166, 167, 168], "excluded_lines": [], "functions": {"handle": {"executed_lines": [21, 22, 25, 28, 29, 32, 33, 34, 35, 40, 41, 42, 44, 45, 49, 51, 52, 55, 58, 59, 60, 62, 64, 66, 68, 73, 74, 75, 76, 77, 81, 82, 85, 86, 87, 101, 102, 108, 109, 110, 112, 113, 114, 160, 161, 162], "summary": {"covered_lines": 46, "num_statements": 95, "percent_covered": 48.421052631578945, "percent_covered_display": "48", "missing_lines": 49, "excluded_lines": 0, "percent_statements_covered": 48.421052631578945, "percent_statements_covered_display": "48"}, "missing_lines": [36, 37, 69, 70, 78, 88, 89, 90, 91, 92, 93, 96, 97, 98, 103, 105, 106, 117, 119, 122, 123, 126, 127, 128, 129, 130, 131, 133, 134, 135, 139, 140, 141, 142, 144, 145, 146, 147, 148, 149, 153, 155, 156, 157, 163, 164, 166, 167, 168], "excluded_lines": []}, "": {"executed_lines": [1, 2, 3, 4, 5, 6, 8, 9, 10, 11, 12, 13, 15, 17, 20], "summary": {"covered_lines": 15, "num_statements": 15, "percent_covered": 100.0, "percent_covered_display": "100", "missing_lines": 0, "excluded_lines": 0, "percent_statements_covered": 100.0, "percent_statements_covered_display": "100"}, "missing_lines": [], "excluded_lines": []}}, "classes": {"": {"executed_lines": [1, 2, 3, 4, 5, 6, 8, 9, 10, 11, 12, 13, 15, 17, 20, 21, 22, 25, 28, 29, 32, 33, 34, 35, 40, 41, 42, 44, 45, 49, 51, 52, 55, 58, 59, 60, 62, 64, 66, 68, 73, 74, 75, 76, 77, 81, 82, 85, 86, 87, 101, 102, 108, 109, 110, 112, 113, 114, 160, 161, 162], "summary": {"covered_lines": 61, "num_statements": 110, "percent_covered": 55.45454545454545, "percent_covered_display": "55", "missing_lines": 49, "excluded_lines": 0, "percent_statements_covered": 55.45454545454545, "percent_statements_covered_display": "55"}, "missing_lines": [36, 37, 69, 70, 78, 88, 89, 90, 91, 92, 93, 96, 97, 98, 103, 105, 106, 117, 119, 122, 123, 126, 127, 128, 129, 130, 131, 133, 134, 135, 139, 140, 141, 142, 144, 145, 146, 147, 148, 149, 153, 155, 156, 157, 163, 164, 166, 167, 168], "excluded_lines": []}}}, "src/bot/handlers/ping.py": {"executed_lines": [1, 3, 4, 6, 9, 10, 11, 12, 14, 17, 18, 19], "summary": {"covered_lines": 12, "num_statements": 12, "percent_covered": 100.0, "percent_covered_display": "100", "missing_lines": 0, "excluded_lines": 0, "percent_statements_covered": 100.0, "percent_statements_covered_display": "100"}, "missing_lines": [], "excluded_lines": [], "functions": {"handle": {"executed_lines": [10, 11, 12, 14], "summary": {"covered_lines": 4, "num_statements": 4, "percent_covered": 100.0, "percent_covered_display": "100", "missing_lines": 0, "excluded_lines": 0, "percent_statements_covered": 100.0, "percent_statements_covered_display": "100"}, "missing_lines": [], "excluded_lines": []}, "random_reply": {"executed_lines": [18, 19], "summary": {"covered_lines": 2, "num_statements": 2, "percent_covered": 100.0, "percent_covered_display": "100", "missing_lines": 0, "excluded_lines": 0, "percent_statements_covered": 100.0, "percent_statements_covered_display": "100"}, "missing_lines": [], "excluded_lines": []}, "": {"executed_lines": [1, 3, 4, 6, 9, 17], "summary": {"covered_lines": 6, "num_statements": 6, "percent_covered": 100.0, "percent_covered_display": "100", "missing_lines": 0, "excluded_lines": 0, "percent_statements_covered": 100.0, "percent_statements_covered_display": "100"}, "missing_lines": [], "excluded_lines": []}}, "classes": {"": {"executed_lines": [1, 3, 4, 6, 9, 10, 11, 12, 14, 17, 18, 19], "summary": {"covered_lines": 12, "num_statements": 12, "percent_covered": 100.0, "percent_covered_display": "100", "missing_lines": 0, "excluded_lines": 0, "percent_statements_covered": 100.0, "percent_statements_covered_display": "100"}, "missing_lines": [], "excluded_lines": []}}}, "src/bot/handlers/quotes.py": {"executed_lines": [1, 2, 3, 5, 6, 7, 8, 9, 11, 12, 13, 15, 17, 21, 24, 25, 26, 29, 30, 32, 34, 35, 36, 38, 40, 42, 51, 52, 53, 54, 62, 64, 65, 70, 72, 74, 75, 77, 78, 79, 80, 84, 113, 114, 118, 120, 122, 124, 134, 135, 138, 147, 150, 151, 153, 155, 156, 157, 159, 161, 163, 166], "summary": {"covered_lines": 62, "num_statements": 91, "percent_covered": 68.13186813186813, "percent_covered_display": "68", "missing_lines": 29, "excluded_lines": 0, "percent_statements_covered": 68.13186813186813, "percent_statements_covered_display": "68"}, "missing_lines": [44, 47, 48, 49, 55, 56, 60, 67, 86, 87, 89, 90, 91, 92, 93, 96, 98, 99, 100, 104, 106, 108, 109, 110, 115, 116, 126, 127, 136], "excluded_lines": [], "functions": {"handle": {"executed_lines": [25, 26, 29, 30, 32, 34, 35, 36, 38, 40, 42, 51, 52, 53, 54, 62, 64, 65, 70, 72, 74, 75, 77, 78, 79, 80, 84, 113, 114, 118, 120, 122, 124], "summary": {"covered_lines": 33, "num_statements": 61, "percent_covered": 54.09836065573771, "percent_covered_display": "54", "missing_lines": 28, "excluded_lines": 0, "percent_statements_covered": 54.09836065573771, "percent_statements_covered_display": "54"}, "missing_lines": [44, 47, 48, 49, 55, 56, 60, 67, 86, 87, 89, 90, 91, 92, 93, 96, 98, 99, 100, 104, 106, 108, 109, 110, 115, 116, 126, 127], "excluded_lines": []}, "generate_pretty_quote": {"executed_lines": [135, 138, 147], "summary": {"covered_lines": 3, "num_statements": 4, "percent_covered": 75.0, "percent_covered_display": "75", "missing_lines": 1, "excluded_lines": 0, "percent_statements_covered": 75.0, "percent_statements_covered_display": "75"}, "missing_lines": [136], "excluded_lines": []}, "get_random_quote_from_group": {"executed_lines": [151, 153, 155, 156, 157, 159, 161, 163, 166], "summary": {"covered_lines": 9, "num_statements": 9, "percent_covered": 100.0, "percent_covered_display": "100", "missing_lines": 0, "excluded_lines": 0, "percent_statements_covered": 100.0, "percent_statements_covered_display": "100"}, "missing_lines": [], "excluded_lines": []}, "": {"executed_lines": [1, 2, 3, 5, 6, 7, 8, 9, 11, 12, 13, 15, 17, 21, 24, 134, 150], "summary": {"covered_lines": 17, "num_statements": 17, "percent_covered": 100.0, "percent_covered_display": "100", "missing_lines": 0, "excluded_lines": 0, "percent_statements_covered": 100.0, "percent_statements_covered_display": "100"}, "missing_lines": [], "excluded_lines": []}}, "classes": {"": {"executed_lines": [1, 2, 3, 5, 6, 7, 8, 9, 11, 12, 13, 15, 17, 21, 24, 25, 26, 29, 30, 32, 34, 35, 36, 38, 40, 42, 51, 52, 53, 54, 62, 64, 65, 70, 72, 74, 75, 77, 78, 79, 80, 84, 113, 114, 118, 120, 122, 124, 134, 135, 138, 147, 150, 151, 153, 155, 156, 157, 159, 161, 163, 166], "summary": {"covered_lines": 62, "num_statements": 91, "percent_covered": 68.13186813186813, "percent_covered_display": "68", "missing_lines": 29, "excluded_lines": 0, "percent_statements_covered": 68.13186813186813, "percent_statements_covered_display": "68"}, "missing_lines": [44, 47, 48, 49, 55, 56, 60, 67, 86, 87, 89, 90, 91, 92, 93, 96, 98, 99, 100, 104, 106, 108, 109, 110, 115, 116, 126, 127, 136], "excluded_lines": []}}}, "src/bot/handlers/remind.py": {"executed_lines": [1, 2, 3, 4, 6, 7, 8, 9, 11, 12, 15, 16, 18, 19, 21, 23, 28, 30, 31, 32, 36, 39, 40, 41, 45, 48, 49, 50, 51, 53, 56, 59, 68, 70, 79, 82, 83, 84, 85, 88, 95, 101, 119, 120, 123, 124, 125, 126, 127, 128, 129, 132, 140, 141, 143, 144, 146, 149, 154, 155, 163, 171, 173, 174, 177, 178, 179, 180, 181, 182, 184, 185, 186, 187, 192, 193, 194, 196, 198, 200, 201, 203, 204, 206, 213, 215, 216, 218, 221, 222, 224, 227, 228, 229, 230, 231, 232], "summary": {"covered_lines": 97, "num_statements": 102, "percent_covered": 95.09803921568627, "percent_covered_display": "95", "missing_lines": 5, "excluded_lines": 0, "percent_statements_covered": 95.09803921568627, "percent_statements_covered_display": "95"}, "missing_lines": [26, 112, 113, 188, 189], "excluded_lines": [], "functions": {"handle": {"executed_lines": [16, 18, 19, 21, 23, 28, 30, 31, 32, 36, 39, 40, 41, 45, 48, 49, 50, 51, 53, 56, 59, 68, 70, 79, 82, 83, 84, 85, 88, 95, 101], "summary": {"covered_lines": 31, "num_statements": 34, "percent_covered": 91.17647058823529, "percent_covered_display": "91", "missing_lines": 3, "excluded_lines": 0, "percent_statements_covered": 91.17647058823529, "percent_statements_covered_display": "91"}, "missing_lines": [26, 112, 113], "excluded_lines": []}, "build_job_name": {"executed_lines": [120], "summary": {"covered_lines": 1, "num_statements": 1, "percent_covered": 100.0, "percent_covered_display": "100", "missing_lines": 0, "excluded_lines": 0, "percent_statements_covered": 100.0, "percent_statements_covered_display": "100"}, "missing_lines": [], "excluded_lines": []}, "remove_job_if_exists": {"executed_lines": [124, 125, 126, 127, 128, 129], "summary": {"covered_lines": 6, "num_statements": 6, "percent_covered": 100.0, "percent_covered_display": "100", "missing_lines": 0, "excluded_lines": 0, "percent_statements_covered": 100.0, "percent_statements_covered_display": "100"}, "missing_lines": [], "excluded_lines": []}, "reminder_handler": {"executed_lines": [141, 143, 144, 146, 149, 154, 155, 163, 171, 173, 174], "summary": {"covered_lines": 11, "num_statements": 11, "percent_covered": 100.0, "percent_covered_display": "100", "missing_lines": 0, "excluded_lines": 0, "percent_statements_covered": 100.0, "percent_statements_covered_display": "100"}, "missing_lines": [], "excluded_lines": []}, "parse_reminder_due": {"executed_lines": [178, 179, 180, 181, 182, 184, 185, 186, 187, 192, 193, 194, 196, 198, 200, 201, 203, 204, 206, 213, 215, 216, 218, 221, 222, 224], "summary": {"covered_lines": 26, "num_statements": 28, "percent_covered": 92.85714285714286, "percent_covered_display": "93", "missing_lines": 2, "excluded_lines": 0, "percent_statements_covered": 92.85714285714286, "percent_statements_covered_display": "93"}, "missing_lines": [188, 189], "excluded_lines": []}, "extract_reminder_message": {"executed_lines": [228, 229, 230, 231, 232], "summary": {"covered_lines": 5, "num_statements": 5, "percent_covered": 100.0, "percent_covered_display": "100", "missing_lines": 0, "excluded_lines": 0, "percent_statements_covered": 100.0, "percent_statements_covered_display": "100"}, "missing_lines": [], "excluded_lines": []}, "": {"executed_lines": [1, 2, 3, 4, 6, 7, 8, 9, 11, 12, 15, 119, 123, 132, 140, 177, 227], "summary": {"covered_lines": 17, "num_statements": 17, "percent_covered": 100.0, "percent_covered_display": "100", "missing_lines": 0, "excluded_lines": 0, "percent_statements_covered": 100.0, "percent_statements_covered_display": "100"}, "missing_lines": [], "excluded_lines": []}}, "classes": {"": {"executed_lines": [1, 2, 3, 4, 6, 7, 8, 9, 11, 12, 15, 16, 18, 19, 21, 23, 28, 30, 31, 32, 36, 39, 40, 41, 45, 48, 49, 50, 51, 53, 56, 59, 68, 70, 79, 82, 83, 84, 85, 88, 95, 101, 119, 120, 123, 124, 125, 126, 127, 128, 129, 132, 140, 141, 143, 144, 146, 149, 154, 155, 163, 171, 173, 174, 177, 178, 179, 180, 181, 182, 184, 185, 186, 187, 192, 193, 194, 196, 198, 200, 201, 203, 204, 206, 213, 215, 216, 218, 221, 222, 224, 227, 228, 229, 230, 231, 232], "summary": {"covered_lines": 97, "num_statements": 102, "percent_covered": 95.09803921568627, "percent_covered_display": "95", "missing_lines": 5, "excluded_lines": 0, "percent_statements_covered": 95.09803921568627, "percent_statements_covered_display": "95"}, "missing_lines": [26, 112, 113, 188, 189], "excluded_lines": []}}}, "src/bot/handlers/rokda.py": {"executed_lines": [1, 2, 3, 5, 6, 9, 10, 11, 13, 14, 18, 20, 26, 27], "summary": {"covered_lines": 14, "num_statements": 16, "percent_covered": 87.5, "percent_covered_display": "88", "missing_lines": 2, "excluded_lines": 0, "percent_statements_covered": 87.5, "percent_statements_covered_display": "88"}, "missing_lines": [22, 23], "excluded_lines": [], "functions": {"handle": {"executed_lines": [10, 11, 13, 14, 18, 20], "summary": {"covered_lines": 6, "num_statements": 8, "percent_covered": 75.0, "percent_covered_display": "75", "missing_lines": 2, "excluded_lines": 0, "percent_statements_covered": 75.0, "percent_statements_covered_display": "75"}, "missing_lines": [22, 23], "excluded_lines": []}, "generate_rokda_response": {"executed_lines": [27], "summary": {"covered_lines": 1, "num_statements": 1, "percent_covered": 100.0, "percent_covered_display": "100", "missing_lines": 0, "excluded_lines": 0, "percent_statements_covered": 100.0, "percent_statements_covered_display": "100"}, "missing_lines": [], "excluded_lines": []}, "": {"executed_lines": [1, 2, 3, 5, 6, 9, 26], "summary": {"covered_lines": 7, "num_statements": 7, "percent_covered": 100.0, "percent_covered_display": "100", "missing_lines": 0, "excluded_lines": 0, "percent_statements_covered": 100.0, "percent_statements_covered_display": "100"}, "missing_lines": [], "excluded_lines": []}}, "classes": {"": {"executed_lines": [1, 2, 3, 5, 6, 9, 10, 11, 13, 14, 18, 20, 26, 27], "summary": {"covered_lines": 14, "num_statements": 16, "percent_covered": 87.5, "percent_covered_display": "88", "missing_lines": 2, "excluded_lines": 0, "percent_statements_covered": 87.5, "percent_statements_covered_display": "88"}, "missing_lines": [22, 23], "excluded_lines": []}}}, "src/bot/handlers/roll.py": {"executed_lines": [1, 2, 3, 4, 6, 7, 8, 9, 10, 11, 13, 14, 16, 21, 22, 24, 25, 28, 29, 31, 32, 34, 35, 37, 38, 41, 51, 56, 57, 61, 63, 64, 68, 85, 86, 88, 89, 93, 95, 96, 99, 100, 103, 104, 106, 107, 108, 112, 113, 114, 115, 119, 120, 123, 124, 126, 136, 137, 140, 141, 144, 292, 294, 295, 296, 297, 298, 299, 300, 301, 302, 304, 307, 308, 309, 310, 312, 313, 315, 317, 318, 320, 321, 323, 324, 326, 327, 329, 330, 331, 334, 335, 336, 361, 363, 366, 367, 369, 371, 372, 373, 375, 376, 377, 378, 383, 386, 387, 389, 391, 392, 393, 398, 401, 402, 404, 405, 408, 412, 415, 416, 418, 421, 422, 424, 425, 443, 444, 446, 454, 468, 471, 472, 473, 475, 478, 480, 483, 485, 487, 494, 495, 496, 497, 498, 500, 502, 503, 504, 505, 506, 508, 510, 513, 516, 521, 524, 525, 527, 529, 531, 532, 535, 538, 541, 542, 546, 548], "summary": {"covered_lines": 168, "num_statements": 289, "percent_covered": 58.13148788927336, "percent_covered_display": "58", "missing_lines": 121, "excluded_lines": 0, "percent_statements_covered": 58.13148788927336, "percent_statements_covered_display": "58"}, "missing_lines": [43, 44, 58, 59, 70, 72, 76, 79, 80, 81, 82, 90, 91, 109, 110, 127, 128, 129, 130, 131, 133, 145, 146, 149, 150, 151, 152, 155, 156, 157, 158, 161, 162, 163, 166, 167, 168, 171, 173, 174, 175, 176, 177, 179, 181, 182, 183, 184, 187, 189, 191, 192, 194, 195, 198, 201, 202, 209, 210, 213, 216, 217, 220, 221, 223, 224, 225, 226, 227, 228, 229, 230, 231, 233, 234, 235, 236, 237, 238, 239, 240, 241, 243, 244, 245, 250, 256, 257, 262, 264, 265, 270, 274, 276, 277, 280, 282, 283, 289, 349, 350, 351, 352, 353, 354, 355, 356, 357, 359, 380, 381, 395, 396, 409, 410, 428, 447, 461, 462, 539, 550], "excluded_lines": [], "functions": {"handle": {"executed_lines": [29, 31, 32, 34, 35, 37, 38, 41], "summary": {"covered_lines": 8, "num_statements": 10, "percent_covered": 80.0, "percent_covered_display": "80", "missing_lines": 2, "excluded_lines": 0, "percent_statements_covered": 80.0, "percent_statements_covered_display": "80"}, "missing_lines": [43, 44], "excluded_lines": []}, "handle_command_default": {"executed_lines": [56, 57, 61, 63, 64, 68], "summary": {"covered_lines": 6, "num_statements": 15, "percent_covered": 40.0, "percent_covered_display": "40", "missing_lines": 9, "excluded_lines": 0, "percent_statements_covered": 40.0, "percent_statements_covered_display": "40"}, "missing_lines": [58, 59, 70, 72, 76, 79, 80, 81, 82], "excluded_lines": []}, "handle_command_start": {"executed_lines": [86, 88, 89, 93, 95, 96, 99, 100, 103, 104, 106, 107, 108, 112, 113, 114, 115, 119, 120], "summary": {"covered_lines": 19, "num_statements": 23, "percent_covered": 82.6086956521739, "percent_covered_display": "83", "missing_lines": 4, "excluded_lines": 0, "percent_statements_covered": 82.6086956521739, "percent_statements_covered_display": "83"}, "missing_lines": [90, 91, 109, 110], "excluded_lines": []}, "handle_command_reset": {"executed_lines": [124, 126, 136, 137, 140, 141], "summary": {"covered_lines": 6, "num_statements": 12, "percent_covered": 50.0, "percent_covered_display": "50", "missing_lines": 6, "excluded_lines": 0, "percent_statements_covered": 50.0, "percent_statements_covered_display": "50"}, "missing_lines": [127, 128, 129, 130, 131, 133], "excluded_lines": []}, "handle_dice_rolls": {"executed_lines": [], "summary": {"covered_lines": 0, "num_statements": 78, "percent_covered": 0.0, "percent_covered_display": "0", "missing_lines": 78, "excluded_lines": 0, "percent_statements_covered": 0.0, "percent_statements_covered_display": "0"}, "missing_lines": [145, 146, 149, 150, 151, 152, 155, 156, 157, 158, 161, 162, 163, 166, 167, 168, 171, 173, 174, 175, 176, 177, 179, 181, 182, 183, 184, 187, 189, 191, 192, 194, 195, 198, 201, 202, 209, 210, 213, 216, 217, 220, 221, 223, 224, 225, 226, 227, 228, 229, 230, 231, 233, 234, 235, 236, 237, 238, 239, 240, 241, 243, 244, 245, 250, 256, 257, 262, 264, 265, 270, 274, 276, 277, 280, 282, 283, 289], "excluded_lines": []}, "generate_new_roll": {"executed_lines": [294, 295, 296, 297, 298, 299, 300, 301, 302, 304, 307, 308, 309, 310, 312, 313, 315, 317, 318, 320, 321, 323, 324, 326, 327, 329, 330, 331, 334, 335, 336, 361, 363], "summary": {"covered_lines": 33, "num_statements": 43, "percent_covered": 76.74418604651163, "percent_covered_display": "77", "missing_lines": 10, "excluded_lines": 0, "percent_statements_covered": 76.74418604651163, "percent_statements_covered_display": "77"}, "missing_lines": [349, 350, 351, 352, 353, 354, 355, 356, 357, 359], "excluded_lines": []}, "_extract_command_from_update": {"executed_lines": [367, 369, 371, 372, 373, 375, 376, 377, 378, 383], "summary": {"covered_lines": 10, "num_statements": 12, "percent_covered": 83.33333333333333, "percent_covered_display": "83", "missing_lines": 2, "excluded_lines": 0, "percent_statements_covered": 83.33333333333333, "percent_statements_covered_display": "83"}, "missing_lines": [380, 381], "excluded_lines": []}, "_extract_params_from_update": {"executed_lines": [387, 389, 391, 392, 393, 398], "summary": {"covered_lines": 6, "num_statements": 8, "percent_covered": 75.0, "percent_covered_display": "75", "missing_lines": 2, "excluded_lines": 0, "percent_statements_covered": 75.0, "percent_statements_covered_display": "75"}, "missing_lines": [395, 396], "excluded_lines": []}, "_get_group_id_from_update": {"executed_lines": [402, 404, 405, 408, 412], "summary": {"covered_lines": 5, "num_statements": 7, "percent_covered": 71.42857142857143, "percent_covered_display": "71", "missing_lines": 2, "excluded_lines": 0, "percent_statements_covered": 71.42857142857143, "percent_statements_covered_display": "71"}, "missing_lines": [409, 410], "excluded_lines": []}, "_get_random_roll_type": {"executed_lines": [416, 418], "summary": {"covered_lines": 2, "num_statements": 2, "percent_covered": 100.0, "percent_covered_display": "100", "missing_lines": 0, "excluded_lines": 0, "percent_statements_covered": 100.0, "percent_statements_covered_display": "100"}, "missing_lines": [], "excluded_lines": []}, "_generate_pretty_roll_description": {"executed_lines": [422, 424, 425, 443, 444, 446, 454, 468], "summary": {"covered_lines": 8, "num_statements": 12, "percent_covered": 66.66666666666667, "percent_covered_display": "67", "missing_lines": 4, "excluded_lines": 0, "percent_statements_covered": 66.66666666666667, "percent_statements_covered_display": "67"}, "missing_lines": [428, 447, 461, 462], "excluded_lines": []}, "_pretty_roll_rule": {"executed_lines": [472, 473, 475], "summary": {"covered_lines": 3, "num_statements": 3, "percent_covered": 100.0, "percent_covered_display": "100", "missing_lines": 0, "excluded_lines": 0, "percent_statements_covered": 100.0, "percent_statements_covered_display": "100"}, "missing_lines": [], "excluded_lines": []}, "reset_roll_effects": {"executed_lines": [480, 483, 485, 487, 494, 495, 496, 497, 498, 500, 502, 503, 504, 505, 506, 508, 510, 513, 516, 521], "summary": {"covered_lines": 20, "num_statements": 20, "percent_covered": 100.0, "percent_covered_display": "100", "missing_lines": 0, "excluded_lines": 0, "percent_statements_covered": 100.0, "percent_statements_covered_display": "100"}, "missing_lines": [], "excluded_lines": []}, "_get_random_bakchod_from_group": {"executed_lines": [525, 527, 529, 531, 532, 535, 538, 541, 542, 546, 548], "summary": {"covered_lines": 11, "num_statements": 13, "percent_covered": 84.61538461538461, "percent_covered_display": "85", "missing_lines": 2, "excluded_lines": 0, "percent_statements_covered": 84.61538461538461, "percent_statements_covered_display": "85"}, "missing_lines": [539, 550], "excluded_lines": []}, "": {"executed_lines": [1, 2, 3, 4, 6, 7, 8, 9, 10, 11, 13, 14, 16, 21, 22, 24, 25, 28, 51, 85, 123, 144, 292, 366, 386, 401, 415, 421, 471, 478, 524], "summary": {"covered_lines": 31, "num_statements": 31, "percent_covered": 100.0, "percent_covered_display": "100", "missing_lines": 0, "excluded_lines": 0, "percent_statements_covered": 100.0, "percent_statements_covered_display": "100"}, "missing_lines": [], "excluded_lines": []}}, "classes": {"": {"executed_lines": [1, 2, 3, 4, 6, 7, 8, 9, 10, 11, 13, 14, 16, 21, 22, 24, 25, 28, 29, 31, 32, 34, 35, 37, 38, 41, 51, 56, 57, 61, 63, 64, 68, 85, 86, 88, 89, 93, 95, 96, 99, 100, 103, 104, 106, 107, 108, 112, 113, 114, 115, 119, 120, 123, 124, 126, 136, 137, 140, 141, 144, 292, 294, 295, 296, 297, 298, 299, 300, 301, 302, 304, 307, 308, 309, 310, 312, 313, 315, 317, 318, 320, 321, 323, 324, 326, 327, 329, 330, 331, 334, 335, 336, 361, 363, 366, 367, 369, 371, 372, 373, 375, 376, 377, 378, 383, 386, 387, 389, 391, 392, 393, 398, 401, 402, 404, 405, 408, 412, 415, 416, 418, 421, 422, 424, 425, 443, 444, 446, 454, 468, 471, 472, 473, 475, 478, 480, 483, 485, 487, 494, 495, 496, 497, 498, 500, 502, 503, 504, 505, 506, 508, 510, 513, 516, 521, 524, 525, 527, 529, 531, 532, 535, 538, 541, 542, 546, 548], "summary": {"covered_lines": 168, "num_statements": 289, "percent_covered": 58.13148788927336, "percent_covered_display": "58", "missing_lines": 121, "excluded_lines": 0, "percent_statements_covered": 58.13148788927336, "percent_statements_covered_display": "58"}, "missing_lines": [43, 44, 58, 59, 70, 72, 76, 79, 80, 81, 82, 90, 91, 109, 110, 127, 128, 129, 130, 131, 133, 145, 146, 149, 150, 151, 152, 155, 156, 157, 158, 161, 162, 163, 166, 167, 168, 171, 173, 174, 175, 176, 177, 179, 181, 182, 183, 184, 187, 189, 191, 192, 194, 195, 198, 201, 202, 209, 210, 213, 216, 217, 220, 221, 223, 224, 225, 226, 227, 228, 229, 230, 231, 233, 234, 235, 236, 237, 238, 239, 240, 241, 243, 244, 245, 250, 256, 257, 262, 264, 265, 270, 274, 276, 277, 280, 282, 283, 289, 349, 350, 351, 352, 353, 354, 355, 356, 357, 359, 380, 381, 395, 396, 409, 410, 428, 447, 461, 462, 539, 550], "excluded_lines": []}}}, "src/bot/handlers/setter.py": {"executed_lines": [1, 3, 4, 5, 6, 8, 9, 12, 13, 15, 16, 18, 19, 21, 23, 25, 27, 29, 32, 35, 36, 37, 38, 39, 41, 42, 43, 48, 52, 53, 54, 56, 58, 66, 67, 69, 70, 74, 77, 78, 81, 82, 83, 85, 86, 89, 90, 91, 93, 94, 97, 98, 102, 105, 106, 110, 111, 113, 114, 115, 116, 118, 119, 120, 123, 124, 125, 128, 131, 132, 134, 135, 137, 139], "summary": {"covered_lines": 74, "num_statements": 88, "percent_covered": 84.0909090909091, "percent_covered_display": "84", "missing_lines": 14, "excluded_lines": 0, "percent_statements_covered": 84.0909090909091, "percent_statements_covered_display": "84"}, "missing_lines": [44, 45, 46, 49, 50, 71, 72, 75, 79, 95, 99, 100, 103, 107], "excluded_lines": [], "functions": {"handle": {"executed_lines": [13, 15, 16, 18, 19, 21, 23, 25, 27, 29], "summary": {"covered_lines": 10, "num_statements": 10, "percent_covered": 100.0, "percent_covered_display": "100", "missing_lines": 0, "excluded_lines": 0, "percent_statements_covered": 100.0, "percent_statements_covered_display": "100"}, "missing_lines": [], "excluded_lines": []}, "parse_request": {"executed_lines": [35, 36, 37, 38, 39, 41, 42, 43, 48, 52, 53, 54, 56, 58, 66, 67, 69, 70, 74, 77, 78, 81, 82, 83, 85, 86, 89, 90, 91, 93, 94, 97, 98, 102, 105, 106, 110, 111, 113, 114, 115, 116, 118, 119, 120, 123, 124, 125, 128], "summary": {"covered_lines": 49, "num_statements": 63, "percent_covered": 77.77777777777777, "percent_covered_display": "78", "missing_lines": 14, "excluded_lines": 0, "percent_statements_covered": 77.77777777777777, "percent_statements_covered_display": "78"}, "missing_lines": [44, 45, 46, 49, 50, 71, 72, 75, 79, 95, 99, 100, 103, 107], "excluded_lines": []}, "set_bakchod_rokda": {"executed_lines": [132, 134, 135, 137, 139], "summary": {"covered_lines": 5, "num_statements": 5, "percent_covered": 100.0, "percent_covered_display": "100", "missing_lines": 0, "excluded_lines": 0, "percent_statements_covered": 100.0, "percent_statements_covered_display": "100"}, "missing_lines": [], "excluded_lines": []}, "": {"executed_lines": [1, 3, 4, 5, 6, 8, 9, 12, 32, 131], "summary": {"covered_lines": 10, "num_statements": 10, "percent_covered": 100.0, "percent_covered_display": "100", "missing_lines": 0, "excluded_lines": 0, "percent_statements_covered": 100.0, "percent_statements_covered_display": "100"}, "missing_lines": [], "excluded_lines": []}}, "classes": {"": {"executed_lines": [1, 3, 4, 5, 6, 8, 9, 12, 13, 15, 16, 18, 19, 21, 23, 25, 27, 29, 32, 35, 36, 37, 38, 39, 41, 42, 43, 48, 52, 53, 54, 56, 58, 66, 67, 69, 70, 74, 77, 78, 81, 82, 83, 85, 86, 89, 90, 91, 93, 94, 97, 98, 102, 105, 106, 110, 111, 113, 114, 115, 116, 118, 119, 120, 123, 124, 125, 128, 131, 132, 134, 135, 137, 139], "summary": {"covered_lines": 74, "num_statements": 88, "percent_covered": 84.0909090909091, "percent_covered_display": "84", "missing_lines": 14, "excluded_lines": 0, "percent_statements_covered": 84.0909090909091, "percent_statements_covered_display": "84"}, "missing_lines": [44, 45, 46, 49, 50, 71, 72, 75, 79, 95, 99, 100, 103, 107], "excluded_lines": []}}}, "src/bot/handlers/start.py": {"executed_lines": [1, 2, 4, 7, 8, 9], "summary": {"covered_lines": 6, "num_statements": 6, "percent_covered": 100.0, "percent_covered_display": "100", "missing_lines": 0, "excluded_lines": 0, "percent_statements_covered": 100.0, "percent_statements_covered_display": "100"}, "missing_lines": [], "excluded_lines": [], "functions": {"handle": {"executed_lines": [8, 9], "summary": {"covered_lines": 2, "num_statements": 2, "percent_covered": 100.0, "percent_covered_display": "100", "missing_lines": 0, "excluded_lines": 0, "percent_statements_covered": 100.0, "percent_statements_covered_display": "100"}, "missing_lines": [], "excluded_lines": []}, "": {"executed_lines": [1, 2, 4, 7], "summary": {"covered_lines": 4, "num_statements": 4, "percent_covered": 100.0, "percent_covered_display": "100", "missing_lines": 0, "excluded_lines": 0, "percent_statements_covered": 100.0, "percent_statements_covered_display": "100"}, "missing_lines": [], "excluded_lines": []}}, "classes": {"": {"executed_lines": [1, 2, 4, 7, 8, 9], "summary": {"covered_lines": 6, "num_statements": 6, "percent_covered": 100.0, "percent_covered_display": "100", "missing_lines": 0, "excluded_lines": 0, "percent_statements_covered": 100.0, "percent_statements_covered_display": "100"}, "missing_lines": [], "excluded_lines": []}}}, "src/bot/handlers/superpower.py": {"executed_lines": [1, 3, 4, 5, 6, 8, 11, 12, 13, 15, 17, 19, 21, 22, 26, 27, 30, 33, 34, 37, 39, 40, 44, 45, 49], "summary": {"covered_lines": 25, "num_statements": 25, "percent_covered": 100.0, "percent_covered_display": "100", "missing_lines": 0, "excluded_lines": 0, "percent_statements_covered": 100.0, "percent_statements_covered_display": "100"}, "missing_lines": [], "excluded_lines": [], "functions": {"handle": {"executed_lines": [12, 13, 15, 17, 19, 21, 22], "summary": {"covered_lines": 7, "num_statements": 7, "percent_covered": 100.0, "percent_covered_display": "100", "missing_lines": 0, "excluded_lines": 0, "percent_statements_covered": 100.0, "percent_statements_covered_display": "100"}, "missing_lines": [], "excluded_lines": []}, "superpower_countdown_calc": {"executed_lines": [27, 30, 33, 34, 37, 39, 40, 44, 45, 49], "summary": {"covered_lines": 10, "num_statements": 10, "percent_covered": 100.0, "percent_covered_display": "100", "missing_lines": 0, "excluded_lines": 0, "percent_statements_covered": 100.0, "percent_statements_covered_display": "100"}, "missing_lines": [], "excluded_lines": []}, "": {"executed_lines": [1, 3, 4, 5, 6, 8, 11, 26], "summary": {"covered_lines": 8, "num_statements": 8, "percent_covered": 100.0, "percent_covered_display": "100", "missing_lines": 0, "excluded_lines": 0, "percent_statements_covered": 100.0, "percent_statements_covered_display": "100"}, "missing_lines": [], "excluded_lines": []}}, "classes": {"": {"executed_lines": [1, 3, 4, 5, 6, 8, 11, 12, 13, 15, 17, 19, 21, 22, 26, 27, 30, 33, 34, 37, 39, 40, 44, 45, 49], "summary": {"covered_lines": 25, "num_statements": 25, "percent_covered": 100.0, "percent_covered_display": "100", "missing_lines": 0, "excluded_lines": 0, "percent_statements_covered": 100.0, "percent_statements_covered_display": "100"}, "missing_lines": [], "excluded_lines": []}}}, "src/bot/handlers/sutta.py": {"executed_lines": [1, 2, 3, 4, 6, 7, 9, 12, 13, 14, 15, 16, 17, 19, 20, 23, 25, 26, 28, 34, 35, 36, 38, 39, 40, 42, 43, 47, 50, 51, 53, 55, 57, 58, 59, 60, 62, 64, 66, 76, 77, 80, 82, 83, 87, 88, 89, 92], "summary": {"covered_lines": 48, "num_statements": 62, "percent_covered": 77.41935483870968, "percent_covered_display": "77", "missing_lines": 14, "excluded_lines": 0, "percent_statements_covered": 77.41935483870968, "percent_statements_covered_display": "77"}, "missing_lines": [30, 31, 44, 45, 48, 69, 71, 73, 74, 84,
[...]
, 209, 211, 212, 214, 216, 217, 218], "excluded_lines": []}, "get_api_quote_details": {"executed_lines": [], "summary": {"covered_lines": 0, "num_statements": 15, "percent_covered": 0.0, "percent_covered_display": "0", "missing_lines": 15, "excluded_lines": 0, "percent_statements_covered": 0.0, "percent_statements_covered_display": "0"}, "missing_lines": [223, 225, 226, 228, 229, 231, 233, 242, 244, 245, 246, 249, 251, 252, 253], "excluded_lines": []}, "get_api_groups": {"executed_lines": [], "summary": {"covered_lines": 0, "num_statements": 14, "percent_covered": 0.0, "percent_covered_display": "0", "missing_lines": 14, "excluded_lines": 0, "percent_statements_covered": 0.0, "percent_statements_covered_display": "0"}, "missing_lines": [258, 260, 262, 269, 270, 277, 278, 284, 286, 287, 289, 291, 292, 293], "excluded_lines": []}, "get_api_group_details": {"executed_lines": [], "summary": {"covered_lines": 0, "num_statements": 10, "percent_covered": 0.0, "percent_covered_display": "0", "missing_lines": 10, "excluded_lines": 0, "percent_statements_covered": 0.0, "percent_statements_covered_display": "0"}, "missing_lines": [298, 300, 301, 302, 304, 305, 307, 309, 310, 311], "excluded_lines": []}, "get_api_group_messages": {"executed_lines": [], "summary": {"covered_lines": 0, "num_statements": 24, "percent_covered": 0.0, "percent_covered_display": "0", "missing_lines": 24, "excluded_lines": 0, "percent_statements_covered": 0.0, "percent_statements_covered_display": "0"}, "missing_lines": [318, 319, 321, 322, 324, 326, 327, 328, 329, 331, 332, 334, 336, 338, 340, 347, 348, 358, 359, 360, 362, 364, 365, 366], "excluded_lines": []}, "get_api_bakchods": {"executed_lines": [], "summary": {"covered_lines": 0, "num_statements": 13, "percent_covered": 0.0, "percent_covered_display": "0", "missing_lines": 13, "excluded_lines": 0, "percent_statements_covered": 0.0, "percent_statements_covered_display": "0"}, "missing_lines": [371, 373, 375, 382, 383, 390, 391, 393, 394, 396, 398, 399, 400], "excluded_lines": []}, "get_api_bakchod_details": {"executed_lines": [], "summary": {"covered_lines": 0, "num_statements": 12, "percent_covered": 0.0, "percent_covered_display": "0", "missing_lines": 12, "excluded_lines": 0, "percent_statements_covered": 0.0, "percent_statements_covered_display": "0"}, "missing_lines": [405, 406, 407, 409, 410, 411, 412, 414, 415, 417, 418, 419], "excluded_lines": []}, "quick_model_to_dict": {"executed_lines": [], "summary": {"covered_lines": 0, "num_statements": 1, "percent_covered": 0.0, "percent_covered_display": "0", "missing_lines": 1, "excluded_lines": 0, "percent_statements_covered": 0.0, "percent_statements_covered_display": "0"}, "missing_lines": [423], "excluded_lines": []}, "_compute_dashboard_metrics": {"executed_lines": [], "summary": {"covered_lines": 0, "num_statements": 12, "percent_covered": 0.0, "percent_covered_display": "0", "missing_lines": 12, "excluded_lines": 0, "percent_statements_covered": 0.0, "percent_statements_covered_display": "0"}, "missing_lines": [428, 430, 431, 432, 433, 435, 437, 438, 441, 442, 443, 445], "excluded_lines": []}, "get_dashboard_metrics": {"executed_lines": [], "summary": {"covered_lines": 0, "num_statements": 9, "percent_covered": 0.0, "percent_covered_display": "0", "missing_lines": 9, "excluded_lines": 0, "percent_statements_covered": 0.0, "percent_statements_covered_display": "0"}, "missing_lines": [460, 461, 462, 463, 465, 466, 468, 469, 470], "excluded_lines": []}, "get_dashboard_activity": {"executed_lines": [], "summary": {"covered_lines": 0, "num_statements": 9, "percent_covered": 0.0, "percent_covered_display": "0", "missing_lines": 9, "excluded_lines": 0, "percent_statements_covered": 0.0, "percent_statements_covered_display": "0"}, "missing_lines": [476, 478, 487, 496, 498, 519, 521, 522, 523], "excluded_lines": []}, "get_dashboard_random_quote": {"executed_lines": [], "summary": {"covered_lines": 0, "num_statements": 9, "percent_covered": 0.0, "percent_covered_display": "0", "missing_lines": 9, "excluded_lines": 0, "percent_statements_covered": 0.0, "percent_statements_covered_display": "0"}, "missing_lines": [529, 530, 532, 533, 535, 549, 551, 552, 553], "excluded_lines": []}, "_compute_dashboard_version": {"executed_lines": [], "summary": {"covered_lines": 0, "num_statements": 3, "percent_covered": 0.0, "percent_covered_display": "0", "missing_lines": 3, "excluded_lines": 0, "percent_statements_covered": 0.0, "percent_statements_covered_display": "0"}, "missing_lines": [558, 560, 562], "excluded_lines": []}, "get_dashboard_version": {"executed_lines": [], "summary": {"covered_lines": 0, "num_statements": 9, "percent_covered": 0.0, "percent_covered_display": "0", "missing_lines": 9, "excluded_lines": 0, "percent_statements_covered": 0.0, "percent_statements_covered_display": "0"}, "missing_lines": [573, 574, 575, 576, 578, 579, 581, 582, 583], "excluded_lines": []}, "handle_http_error": {"executed_lines": [], "summary": {"covered_lines": 0, "num_statements": 2, "percent_covered": 0.0, "percent_covered_display": "0", "missing_lines": 2, "excluded_lines": 0, "percent_statements_covered": 0.0, "percent_statements_covered_display": "0"}, "missing_lines": [587, 592], "excluded_lines": []}, "": {"executed_lines": [1, 2, 3, 5, 6, 7, 8, 9, 10, 11, 13, 14, 15, 17, 21, 23, 26, 27, 32, 33, 34, 37, 38, 61, 62, 63, 66, 67, 99, 100, 101, 104, 105, 138, 139, 140, 143, 144, 177, 178, 221, 222, 256, 257, 296, 297, 314, 315, 369, 370, 403, 404, 422, 426, 457, 458, 473, 474, 526, 527, 556, 570, 571, 586], "summary": {"covered_lines": 64, "num_statements": 64, "percent_covered": 100.0, "percent_covered_display": "100", "missing_lines": 0, "excluded_lines": 0, "percent_statements_covered": 100.0, "percent_statements_covered_display": "100"}, "missing_lines": [], "excluded_lines": []}}, "classes": {"SendMsgParams": {"executed_lines": [], "summary": {"covered_lines": 0, "num_statements": 0, "percent_covered": 100.0, "percent_covered_display": "100", "missing_lines": 0, "excluded_lines": 0, "percent_statements_covered": 100.0, "percent_statements_covered_display": "100"}, "missing_lines": [], "excluded_lines": []}, "SetBakchodRokdaParams": {"executed_lines": [], "summary": {"covered_lines": 0, "num_statements": 0, "percent_covered": 100.0, "percent_covered_display": "100", "missing_lines": 0, "excluded_lines": 0, "percent_statements_covered": 100.0, "percent_statements_covered_display": "100"}, "missing_lines": [], "excluded_lines": []}, "SetBakchodMetadataParams": {"executed_lines": [], "summary": {"covered_lines": 0, "num_statements": 0, "percent_covered": 100.0, "percent_covered_display": "100", "missing_lines": 0, "excluded_lines": 0, "percent_statements_covered": 100.0, "percent_statements_covered_display": "100"}, "missing_lines": [], "excluded_lines": []}, "SetGroupMetadataParams": {"executed_lines": [], "summary": {"covered_lines": 0, "num_statements": 0, "percent_covered": 100.0, "percent_covered_display": "100", "missing_lines": 0, "excluded_lines": 0, "percent_statements_covered": 100.0, "percent_statements_covered_display": "100"}, "missing_lines": [], "excluded_lines": []}, "": {"executed_lines": [1, 2, 3, 5, 6, 7, 8, 9, 10, 11, 13, 14, 15, 17, 21, 23, 26, 27, 32, 33, 34, 37, 38, 61, 62, 63, 66, 67, 99, 100, 101, 104, 105, 138, 139, 140, 143, 144, 177, 178, 221, 222, 256, 257, 296, 297, 314, 315, 369, 370, 403, 404, 422, 426, 457, 458, 473, 474, 526, 527, 556, 570, 571, 586], "summary": {"covered_lines": 64, "num_statements": 280, "percent_covered": 22.857142857142858, "percent_covered_display": "23", "missing_lines": 216, "excluded_lines": 0, "percent_statements_covered": 22.857142857142858, "percent_statements_covered_display": "23"}, "missing_lines": [28, 29, 39, 41, 45, 46, 47, 48, 50, 54, 56, 57, 58, 70, 75, 79, 80, 81, 82, 84, 86, 87, 89, 90, 92, 94, 95, 96, 108, 113, 117, 118, 119, 120, 123, 124, 125, 126, 128, 129, 131, 133, 134, 135, 147, 152, 156, 157, 158, 159, 162, 163, 164, 165, 167, 168, 170, 172, 173, 174, 179, 181, 183, 190, 191, 198, 199, 209, 211, 212, 214, 216, 217, 218, 223, 225, 226, 228, 229, 231, 233, 242, 244, 245, 246, 249, 251, 252, 253, 258, 260, 262, 269, 270, 277, 278, 284, 286, 287, 289, 291, 292, 293, 298, 300, 301, 302, 304, 305, 307, 309, 310, 311, 318, 319, 321, 322, 324, 326, 327, 328, 329, 331, 332, 334, 336, 338, 340, 347, 348, 358, 359, 360, 362, 364, 365, 366, 371, 373, 375, 382, 383, 390, 391, 393, 394, 396, 398, 399, 400, 405, 406, 407, 409, 410, 411, 412, 414, 415, 417, 418, 419, 423, 428, 430, 431, 432, 433, 435, 437, 438, 441, 442, 443, 445, 460, 461, 462, 463, 465, 466, 468, 469, 470, 476, 478, 487, 496, 498, 519, 521, 522, 523, 529, 530, 532, 533, 535, 549, 551, 552, 553, 558, 560, 562, 573, 574, 575, 576, 578, 579, 581, 582, 583, 587, 592], "excluded_lines": []}}}, "src/server/routes/sio_routes.py": {"executed_lines": [1, 2, 4, 6, 9, 12, 13, 17, 18, 22, 23, 36, 37, 46, 47, 57], "summary": {"covered_lines": 16, "num_statements": 54, "percent_covered": 29.62962962962963, "percent_covered_display": "30", "missing_lines": 38, "excluded_lines": 0, "percent_statements_covered": 29.62962962962963, "percent_statements_covered_display": "30"}, "missing_lines": [14, 19, 25, 28, 29, 32, 33, 39, 41, 42, 43, 49, 52, 53, 54, 59, 61, 63, 64, 65, 68, 71, 73, 74, 77, 78, 79, 80, 83, 84, 85, 86, 89, 91, 92, 93, 94, 95], "excluded_lines": [], "functions": {"handle_join": {"executed_lines": [], "summary": {"covered_lines": 0, "num_statements": 1, "percent_covered": 0.0, "percent_covered_display": "0", "missing_lines": 1, "excluded_lines": 0, "percent_statements_covered": 0.0, "percent_statements_covered_display": "0"}, "missing_lines": [14], "excluded_lines": []}, "handle_command": {"executed_lines": [], "summary": {"covered_lines": 0, "num_statements": 1, "percent_covered": 0.0, "percent_covered_display": "0", "missing_lines": 1, "excluded_lines": 0, "percent_statements_covered": 0.0, "percent_statements_covered_display": "0"}, "missing_lines": [19], "excluded_lines": []}, "handle_start_log_stream": {"executed_lines": [], "summary": {"covered_lines": 0, "num_statements": 5, "percent_covered": 0.0, "percent_covered_display": "0", "missing_lines": 5, "excluded_lines": 0, "percent_statements_covered": 0.0, "percent_statements_covered_display": "0"}, "missing_lines": [25, 28, 29, 32, 33], "excluded_lines": []}, "handle_stop_log_stream": {"executed_lines": [], "summary": {"covered_lines": 0, "num_statements": 4, "percent_covered": 0.0, "percent_covered_display": "0", "missing_lines": 4, "excluded_lines": 0, "percent_statements_covered": 0.0, "percent_statements_covered_display": "0"}, "missing_lines": [39, 41, 42, 43], "excluded_lines": []}, "handle_disconnect": {"executed_lines": [], "summary": {"covered_lines": 0, "num_statements": 4, "percent_covered": 0.0, "percent_covered_display": "0", "missing_lines": 4, "excluded_lines": 0, "percent_statements_covered": 0.0, "percent_statements_covered_display": "0"}, "missing_lines": [49, 52, 53, 54], "excluded_lines": []}, "stream_logs_to_client": {"executed_lines": [], "summary": {"covered_lines": 0, "num_statements": 23, "percent_covered": 0.0, "percent_covered_display": "0", "missing_lines": 23, "excluded_lines": 0, "percent_statements_covered": 0.0, "percent_statements_covered_display": "0"}, "missing_lines": [59, 61, 63, 64, 65, 68, 71, 73, 74, 77, 78, 79, 80, 83, 84, 85, 86, 89, 91, 92, 93, 94, 95], "excluded_lines": []}, "": {"executed_lines": [1, 2, 4, 6, 9, 12, 13, 17, 18, 22, 23, 36, 37, 46, 47, 57], "summary": {"covered_lines": 16, "num_statements": 16, "percent_covered": 100.0, "percent_covered_display": "100", "missing_lines": 0, "excluded_lines": 0, "percent_statements_covered": 100.0, "percent_statements_covered_display": "100"}, "missing_lines": [], "excluded_lines": []}}, "classes": {"": {"executed_lines": [1, 2, 4, 6, 9, 12, 13, 17, 18, 22, 23, 36, 37, 46, 47, 57], "summary": {"covered_lines": 16, "num_statements": 54, "percent_covered": 29.62962962962963, "percent_covered_display": "30", "missing_lines": 38, "excluded_lines": 0, "percent_statements_covered": 29.62962962962963, "percent_statements_covered_display": "30"}, "missing_lines": [14, 19, 25, 28, 29, 32, 33, 39, 41, 42, 43, 49, 52, 53, 54, 59, 61, 63, 64, 65, 68, 71, 73, 74, 77, 78, 79, 80, 83, 84, 85, 86, 89, 91, 92, 93, 94, 95], "excluded_lines": []}}}, "src/server/routes/ui_routes.py": {"executed_lines": [1, 2, 4, 5, 6, 7, 9, 10, 21, 23, 25, 28, 32, 36, 37, 40, 41, 51, 52, 62, 63, 73, 74, 81, 82, 99, 100, 118, 119, 148, 149, 159, 160, 210, 211, 221, 222, 306, 307, 316, 317], "summary": {"covered_lines": 41, "num_statements": 119, "percent_covered": 34.45378151260504, "percent_covered_display": "34", "missing_lines": 78, "excluded_lines": 0, "percent_statements_covered": 34.45378151260504, "percent_statements_covered_display": "34"}, "missing_lines": [29, 33, 43, 53, 54, 56, 64, 65, 67, 76, 78, 83, 85, 87, 89, 90, 91, 93, 101, 103, 105, 107, 123, 124, 126, 128, 130, 132, 134, 150, 151, 153, 163, 165, 171, 173, 174, 175, 177, 178, 180, 181, 182, 184, 186, 188, 189, 191, 192, 193, 195, 204, 212, 213, 215, 223, 225, 228, 231, 232, 235, 236, 239, 245, 250, 253, 260, 263, 273, 279, 280, 281, 282, 283, 288, 290, 308, 318], "excluded_lines": [], "functions": {"to_pretty_json": {"executed_lines": [], "summary": {"covered_lines": 0, "num_statements": 1, "percent_covered": 0.0, "percent_covered_display": "0", "missing_lines": 1, "excluded_lines": 0, "percent_statements_covered": 0.0, "percent_statements_covered_display": "0"}, "missing_lines": [29], "excluded_lines": []}, "to_pretty_number": {"executed_lines": [], "summary": {"covered_lines": 0, "num_statements": 1, "percent_covered": 0.0, "percent_covered_display": "0", "missing_lines": 1, "excluded_lines": 0, "percent_statements_covered": 0.0, "percent_statements_covered_display": "0"}, "missing_lines": [33], "excluded_lines": []}, "index": {"executed_lines": [], "summary": {"covered_lines": 0, "num_statements": 1, "percent_covered": 0.0, "percent_covered_display": "0", "missing_lines": 1, "excluded_lines": 0, "percent_statements_covered": 0.0, "percent_statements_covered_display": "0"}, "missing_lines": [43], "excluded_lines": []}, "get_bakchods": {"executed_lines": [], "summary": {"covered_lines": 0, "num_statements": 3, "percent_covered": 0.0, "percent_covered_display": "0", "missing_lines": 3, "excluded_lines": 0, "percent_statements_covered": 0.0, "percent_statements_covered_display": "0"}, "missing_lines": [53, 54, 56], "excluded_lines": []}, "get_groups": {"executed_lines": [], "summary": {"covered_lines": 0, "num_statements": 3, "percent_covered": 0.0, "percent_covered_display": "0", "missing_lines": 3, "excluded_lines": 0, "percent_statements_covered": 0.0, "percent_statements_covered_display": "0"}, "missing_lines": [64, 65, 67], "excluded_lines": []}, "get_messages": {"executed_lines": [], "summary": {"covered_lines": 0, "num_statements": 2, "percent_covered": 0.0, "percent_covered_display": "0", "missing_lines": 2, "excluded_lines": 0, "percent_statements_covered": 0.0, "percent_statements_covered_display": "0"}, "missing_lines": [76, 78], "excluded_lines": []}, "get_details_bakchod": {"executed_lines": [], "summary": {"covered_lines": 0, "num_statements": 7, "percent_covered": 0.0, "percent_covered_display": "0", "missing_lines": 7, "excluded_lines": 0, "percent_statements_covered": 0.0, "percent_statements_covered_display": "0"}, "missing_lines": [83, 85, 87, 89, 90, 91, 93], "excluded_lines": []}, "get_details_group": {"executed_lines": [], "summary": {"covered_lines": 0, "num_statements": 4, "percent_covered": 0.0, "percent_covered_display": "0", "missing_lines": 4, "excluded_lines": 0, "percent_statements_covered": 0.0, "percent_statements_covered_display": "0"}, "missing_lines": [101, 103, 105, 107], "excluded_lines": []}, "get_details_group_messages": {"executed_lines": [], "summary": {"covered_lines": 0, "num_statements": 7, "percent_covered": 0.0, "percent_covered_display": "0", "missing_lines": 7, "excluded_lines": 0, "percent_statements_covered": 0.0, "percent_statements_covered_display": "0"}, "missing_lines": [123, 124, 126, 128, 130, 132, 134], "excluded_lines": []}, "get_quotes": {"executed_lines": [], "summary": {"covered_lines": 0, "num_statements": 3, "percent_covered": 0.0, "percent_covered_display": "0", "missing_lines": 3, "excluded_lines": 0, "percent_statements_covered": 0.0, "percent_statements_covered_display": "0"}, "missing_lines": [150, 151, 153], "excluded_lines": []}, "post_api_bot_send_message": {"executed_lines": [], "summary": {"covered_lines": 0, "num_statements": 20, "percent_covered": 0.0, "percent_covered_display": "0", "missing_lines": 20, "excluded_lines": 0, "percent_statements_covered": 0.0, "percent_statements_covered_display": "0"}, "missing_lines": [163, 165, 171, 173, 174, 175, 177, 178, 180, 181, 182, 184, 186, 188, 189, 191, 192, 193, 195, 204], "excluded_lines": []}, "get_jobs": {"executed_lines": [], "summary": {"covered_lines": 0, "num_statements": 3, "percent_covered": 0.0, "percent_covered_display": "0", "missing_lines": 3, "excluded_lines": 0, "percent_statements_covered": 0.0, "percent_statements_covered_display": "0"}, "missing_lines": [212, 213, 215], "excluded_lines": []}, "get_commands": {"executed_lines": [], "summary": {"covered_lines": 0, "num_statements": 21, "percent_covered": 0.0, "percent_covered_display": "0", "missing_lines": 21, "excluded_lines": 0, "percent_statements_covered": 0.0, "percent_statements_covered_display": "0"}, "missing_lines": [223, 225, 228, 231, 232, 235, 236, 239, 245, 250, 253, 260, 263, 273, 279, 280, 281, 282, 283, 288, 290], "excluded_lines": []}, "get_messenger": {"executed_lines": [], "summary": {"covered_lines": 0, "num_statements": 1, "percent_covered": 0.0, "percent_covered_display": "0", "missing_lines": 1, "excluded_lines": 0, "percent_statements_covered": 0.0, "percent_statements_covered_display": "0"}, "missing_lines": [308], "excluded_lines": []}, "get_logs": {"executed_lines": [], "summary": {"covered_lines": 0, "num_statements": 1, "percent_covered": 0.0, "percent_covered_display": "0", "missing_lines": 1, "excluded_lines": 0, "percent_statements_covered": 0.0, "percent_statements_covered_display": "0"}, "missing_lines": [318], "excluded_lines": []}, "": {"executed_lines": [1, 2, 4, 5, 6, 7, 9, 10, 21, 23, 25, 28, 32, 36, 37, 40, 41, 51, 52, 62, 63, 73, 74, 81, 82, 99, 100, 118, 119, 148, 149, 159, 160, 210, 211, 221, 222, 306, 307, 316, 317], "summary": {"covered_lines": 41, "num_statements": 41, "percent_covered": 100.0, "percent_covered_display": "100", "missing_lines": 0, "excluded_lines": 0, "percent_statements_covered": 100.0, "percent_statements_covered_display": "100"}, "missing_lines": [], "excluded_lines": []}}, "classes": {"": {"executed_lines": [1, 2, 4, 5, 6, 7, 9, 10, 21, 23, 25, 28, 32, 36, 37, 40, 41, 51, 52, 62, 63, 73, 74, 81, 82, 99, 100, 118, 119, 148, 149, 159, 160, 210, 211, 221, 222, 306, 307, 316, 317], "summary": {"covered_lines": 41, "num_statements": 119, "percent_covered": 34.45378151260504, "percent_covered_display": "34", "missing_lines": 78, "excluded_lines": 0, "percent_statements_covered": 34.45378151260504, "percent_statements_covered_display": "34"}, "missing_lines": [29, 33, 43, 53, 54, 56, 64, 65, 67, 76, 78, 83, 85, 87, 89, 90, 91, 93, 101, 103, 105, 107, 123, 124, 126, 128, 130, 132, 134, 150, 151, 153, 163, 165, 171, 173, 174, 175, 177, 178, 180, 181, 182, 184, 186, 188, 189, 191, 192, 193, 195, 204, 212, 213, 215, 223, 225, 228, 231, 232, 235, 236, 239, 245, 250, 253, 260, 263, 273, 279, 280, 281, 282, 283, 288, 290, 308, 318], "excluded_lines": []}}}}, "totals": {"covered_lines": 2639, "num_statements": 3739, "percent_covered": 70.58036908264242, "percent_covered_display": "71", "missing_lines": 1100, "excluded_lines": 4, "percent_statements_covered": 70.58036908264242, "percent_statements_covered_display": "71"}}